[2017-07-20T14:28:17,387][INFO ][logstash.setting.writabledirectory] Creating directory {:setting=>"path.queue", :path=>"/home/samuel/logstash-5.5.0/data/queue"}
[2017-07-20T14:28:17,400][INFO ][logstash.setting.writabledirectory] Creating directory {:setting=>"path.dead_letter_queue", :path=>"/home/samuel/logstash-5.5.0/data/dead_letter_queue"}
[2017-07-20T14:28:17,452][INFO ][logstash.agent           ] No persistent UUID file found. Generating new UUID {:uuid=>"8127d8b4-d5c0-4694-a2b3-417d3f197ece", :path=>"/home/samuel/logstash-5.5.0/data/uuid"}
[2017-07-20T14:28:17,750][INFO ][logstash.agent           ] No config files found in path {:path=>"/home/samuel/logstash-5.5.0/bin/logstash.cof"}
[2017-07-20T14:28:17,753][ERROR][logstash.agent           ] failed to fetch pipeline configuration {:message=>"No config files found: logstash.cof. Can you make sure this path is a logstash config file?"}
[2017-07-20T14:35:19,807][INFO ][logstash.outputs.elasticsearch] Elasticsearch pool URLs updated {:changes=>{:removed=>[], :added=>[http://localhost:9200/]}}
[2017-07-20T14:35:19,818][INFO ][logstash.outputs.elasticsearch] Running health check to see if an Elasticsearch connection is working {:healthcheck_url=>http://localhost:9200/, :path=>"/"}
[2017-07-20T14:35:19,969][WARN ][logstash.outputs.elasticsearch] Attempted to resurrect connection to dead ES instance, but got an error. {:url=>#<Java::JavaNet::URI:0x4d7a044f>, :error_type=>LogStash::Outputs::ElasticSearch::HttpClient::Pool::HostUnreachableError, :error=>"Elasticsearch Unreachable: [http://localhost:9200/][Manticore::SocketException] Connection refused (Connection refused)"}
[2017-07-20T14:35:19,975][INFO ][logstash.outputs.elasticsearch] Using mapping template from {:path=>nil}
[2017-07-20T14:35:19,987][WARN ][logstash.outputs.elasticsearch] Marking url as dead. Last error: [LogStash::Outputs::ElasticSearch::HttpClient::Pool::HostUnreachableError] Elasticsearch Unreachable: [http://localhost:9200/][Manticore::SocketException] Connection refused (Connection refused) {:url=>http://localhost:9200/, :error_message=>"Elasticsearch Unreachable: [http://localhost:9200/][Manticore::SocketException] Connection refused (Connection refused)", :error_class=>"LogStash::Outputs::ElasticSearch::HttpClient::Pool::HostUnreachableError"}
[2017-07-20T14:35:19,993][ERROR][logstash.outputs.elasticsearch] Failed to install template. {:message=>"Elasticsearch Unreachable: [http://localhost:9200/][Manticore::SocketException] Connection refused (Connection refused)", :class=>"LogStash::Outputs::ElasticSearch::HttpClient::Pool::HostUnreachableError", :backtrace=>["/home/samuel/logstash-5.5.0/vendor/bundle/jruby/1.9/gems/logstash-output-elasticsearch-7.3.6-java/lib/logstash/outputs/elasticsearch/http_client/pool.rb:271:in `perform_request_to_url'", "/home/samuel/logstash-5.5.0/vendor/bundle/jruby/1.9/gems/logstash-output-elasticsearch-7.3.6-java/lib/logstash/outputs/elasticsearch/http_client/pool.rb:257:in `perform_request'", "/home/samuel/logstash-5.5.0/vendor/bundle/jruby/1.9/gems/logstash-output-elasticsearch-7.3.6-java/lib/logstash/outputs/elasticsearch/http_client/pool.rb:347:in `with_connection'", "/home/samuel/logstash-5.5.0/vendor/bundle/jruby/1.9/gems/logstash-output-elasticsearch-7.3.6-java/lib/logstash/outputs/elasticsearch/http_client/pool.rb:256:in `perform_request'", "/home/samuel/logstash-5.5.0/vendor/bundle/jruby/1.9/gems/logstash-output-elasticsearch-7.3.6-java/lib/logstash/outputs/elasticsearch/http_client/pool.rb:264:in `get'", "/home/samuel/logstash-5.5.0/vendor/bundle/jruby/1.9/gems/logstash-output-elasticsearch-7.3.6-java/lib/logstash/outputs/elasticsearch/http_client.rb:86:in `get_version'", "/home/samuel/logstash-5.5.0/vendor/bundle/jruby/1.9/gems/logstash-output-elasticsearch-7.3.6-java/lib/logstash/outputs/elasticsearch/template_manager.rb:16:in `get_es_version'", "/home/samuel/logstash-5.5.0/vendor/bundle/jruby/1.9/gems/logstash-output-elasticsearch-7.3.6-java/lib/logstash/outputs/elasticsearch/template_manager.rb:20:in `get_es_major_version'", "/home/samuel/logstash-5.5.0/vendor/bundle/jruby/1.9/gems/logstash-output-elasticsearch-7.3.6-java/lib/logstash/outputs/elasticsearch/template_manager.rb:7:in `install_template'", "/home/samuel/logstash-5.5.0/vendor/bundle/jruby/1.9/gems/logstash-output-elasticsearch-7.3.6-java/lib/logstash/outputs/elasticsearch/common.rb:62:in `install_template'", "/home/samuel/logstash-5.5.0/vendor/bundle/jruby/1.9/gems/logstash-output-elasticsearch-7.3.6-java/lib/logstash/outputs/elasticsearch/common.rb:29:in `register'", "/home/samuel/logstash-5.5.0/logstash-core/lib/logstash/output_delegator_strategies/shared.rb:9:in `register'", "/home/samuel/logstash-5.5.0/logstash-core/lib/logstash/output_delegator.rb:41:in `register'", "/home/samuel/logstash-5.5.0/logstash-core/lib/logstash/pipeline.rb:281:in `register_plugin'", "/home/samuel/logstash-5.5.0/logstash-core/lib/logstash/pipeline.rb:292:in `register_plugins'", "org/jruby/RubyArray.java:1613:in `each'", "/home/samuel/logstash-5.5.0/logstash-core/lib/logstash/pipeline.rb:292:in `register_plugins'", "/home/samuel/logstash-5.5.0/logstash-core/lib/logstash/pipeline.rb:301:in `start_workers'", "/home/samuel/logstash-5.5.0/logstash-core/lib/logstash/pipeline.rb:226:in `run'", "/home/samuel/logstash-5.5.0/logstash-core/lib/logstash/agent.rb:398:in `start_pipeline'"]}
[2017-07-20T14:35:19,997][INFO ][logstash.outputs.elasticsearch] New Elasticsearch output {:class=>"LogStash::Outputs::ElasticSearch", :hosts=>[#<Java::JavaNet::URI:0x35e30b2b>]}
[2017-07-20T14:35:20,004][INFO ][logstash.pipeline        ] Starting pipeline {"id"=>"main", "pipeline.workers"=>1, "pipeline.batch.size"=>125, "pipeline.batch.delay"=>5, "pipeline.max_inflight"=>125}
[2017-07-20T14:35:20,028][INFO ][logstash.pipeline        ] Pipeline main started
[2017-07-20T14:35:20,179][INFO ][logstash.agent           ] Successfully started Logstash API endpoint {:port=>9600}
[2017-07-20T14:35:24,992][INFO ][logstash.outputs.elasticsearch] Running health check to see if an Elasticsearch connection is working {:healthcheck_url=>http://localhost:9200/, :path=>"/"}
[2017-07-20T14:35:25,002][WARN ][logstash.outputs.elasticsearch] Attempted to resurrect connection to dead ES instance, but got an error. {:url=>#<Java::JavaNet::URI:0x4d7a044f>, :error_type=>LogStash::Outputs::ElasticSearch::HttpClient::Pool::HostUnreachableError, :error=>"Elasticsearch Unreachable: [http://localhost:9200/][Manticore::SocketException] Connection refused (Connection refused)"}
[2017-07-20T14:35:30,016][INFO ][logstash.outputs.elasticsearch] Running health check to see if an Elasticsearch connection is working {:healthcheck_url=>http://localhost:9200/, :path=>"/"}
[2017-07-20T14:35:30,065][WARN ][logstash.outputs.elasticsearch] Attempted to resurrect connection to dead ES instance, but got an error. {:url=>#<Java::JavaNet::URI:0x4d7a044f>, :error_type=>LogStash::Outputs::ElasticSearch::HttpClient::Pool::HostUnreachableError, :error=>"Elasticsearch Unreachable: [http://localhost:9200/][Manticore::SocketException] Connection refused (Connection refused)"}
[2017-07-20T14:35:35,100][INFO ][logstash.outputs.elasticsearch] Running health check to see if an Elasticsearch connection is working {:healthcheck_url=>http://localhost:9200/, :path=>"/"}
[2017-07-20T14:35:35,144][WARN ][logstash.outputs.elasticsearch] Attempted to resurrect connection to dead ES instance, but got an error. {:url=>#<Java::JavaNet::URI:0x4d7a044f>, :error_type=>LogStash::Outputs::ElasticSearch::HttpClient::Pool::HostUnreachableError, :error=>"Elasticsearch Unreachable: [http://localhost:9200/][Manticore::SocketException] Connection refused (Connection refused)"}
[2017-07-20T14:35:36,143][WARN ][logstash.runner          ] SIGINT received. Shutting down the agent.
[2017-07-20T14:35:36,177][WARN ][logstash.agent           ] stopping pipeline {:id=>"main"}
[2017-07-20T14:48:13,205][INFO ][logstash.outputs.elasticsearch] Elasticsearch pool URLs updated {:changes=>{:removed=>[], :added=>[http://localhost:9200/]}}
[2017-07-20T14:48:13,216][INFO ][logstash.outputs.elasticsearch] Running health check to see if an Elasticsearch connection is working {:healthcheck_url=>http://localhost:9200/, :path=>"/"}
[2017-07-20T14:48:13,645][WARN ][logstash.outputs.elasticsearch] Restored connection to ES instance {:url=>#<Java::JavaNet::URI:0x7c3a0f9>}
[2017-07-20T14:48:13,646][INFO ][logstash.outputs.elasticsearch] Using mapping template from {:path=>nil}
[2017-07-20T14:48:13,803][INFO ][logstash.outputs.elasticsearch] Attempting to install template {:manage_template=>{"template"=>"logstash-*", "version"=>50001, "settings"=>{"index.refresh_interval"=>"5s"}, "mappings"=>{"_default_"=>{"_all"=>{"enabled"=>true, "norms"=>false}, "dynamic_templates"=>[{"message_field"=>{"path_match"=>"message", "match_mapping_type"=>"string", "mapping"=>{"type"=>"text", "norms"=>false}}}, {"string_fields"=>{"match"=>"*", "match_mapping_type"=>"string", "mapping"=>{"type"=>"text", "norms"=>false, "fields"=>{"keyword"=>{"type"=>"keyword", "ignore_above"=>256}}}}}], "properties"=>{"@timestamp"=>{"type"=>"date", "include_in_all"=>false}, "@version"=>{"type"=>"keyword", "include_in_all"=>false}, "geoip"=>{"dynamic"=>true, "properties"=>{"ip"=>{"type"=>"ip"}, "location"=>{"type"=>"geo_point"}, "latitude"=>{"type"=>"half_float"}, "longitude"=>{"type"=>"half_float"}}}}}}}}
[2017-07-20T14:48:13,824][INFO ][logstash.outputs.elasticsearch] Installing elasticsearch template to _template/logstash
[2017-07-20T14:48:14,037][INFO ][logstash.outputs.elasticsearch] New Elasticsearch output {:class=>"LogStash::Outputs::ElasticSearch", :hosts=>[#<Java::JavaNet::URI:0x46a06b01>]}
[2017-07-20T14:48:14,039][INFO ][logstash.pipeline        ] Starting pipeline {"id"=>"main", "pipeline.workers"=>1, "pipeline.batch.size"=>125, "pipeline.batch.delay"=>5, "pipeline.max_inflight"=>125}
[2017-07-20T14:48:14,089][INFO ][logstash.pipeline        ] Pipeline main started
[2017-07-20T14:48:14,324][INFO ][logstash.agent           ] Successfully started Logstash API endpoint {:port=>9600}
[2017-07-20T15:45:09,506][WARN ][logstash.runner          ] SIGINT received. Shutting down the agent.
[2017-07-20T15:45:09,546][WARN ][logstash.agent           ] stopping pipeline {:id=>"main"}
[2017-07-20T15:45:32,576][INFO ][logstash.outputs.elasticsearch] Elasticsearch pool URLs updated {:changes=>{:removed=>[], :added=>[http://localhost:9200/]}}
[2017-07-20T15:45:32,590][INFO ][logstash.outputs.elasticsearch] Running health check to see if an Elasticsearch connection is working {:healthcheck_url=>http://localhost:9200/, :path=>"/"}
[2017-07-20T15:45:32,760][WARN ][logstash.outputs.elasticsearch] Restored connection to ES instance {:url=>#<Java::JavaNet::URI:0xe904049>}
[2017-07-20T15:45:32,764][INFO ][logstash.outputs.elasticsearch] Using mapping template from {:path=>nil}
[2017-07-20T15:45:32,842][INFO ][logstash.outputs.elasticsearch] Attempting to install template {:manage_template=>{"template"=>"logstash-*", "version"=>50001, "settings"=>{"index.refresh_interval"=>"5s"}, "mappings"=>{"_default_"=>{"_all"=>{"enabled"=>true, "norms"=>false}, "dynamic_templates"=>[{"message_field"=>{"path_match"=>"message", "match_mapping_type"=>"string", "mapping"=>{"type"=>"text", "norms"=>false}}}, {"string_fields"=>{"match"=>"*", "match_mapping_type"=>"string", "mapping"=>{"type"=>"text", "norms"=>false, "fields"=>{"keyword"=>{"type"=>"keyword", "ignore_above"=>256}}}}}], "properties"=>{"@timestamp"=>{"type"=>"date", "include_in_all"=>false}, "@version"=>{"type"=>"keyword", "include_in_all"=>false}, "geoip"=>{"dynamic"=>true, "properties"=>{"ip"=>{"type"=>"ip"}, "location"=>{"type"=>"geo_point"}, "latitude"=>{"type"=>"half_float"}, "longitude"=>{"type"=>"half_float"}}}}}}}}
[2017-07-20T15:45:32,857][INFO ][logstash.outputs.elasticsearch] New Elasticsearch output {:class=>"LogStash::Outputs::ElasticSearch", :hosts=>[#<Java::JavaNet::URI:0x5f2a122d>]}
[2017-07-20T15:45:32,863][INFO ][logstash.pipeline        ] Starting pipeline {"id"=>"main", "pipeline.workers"=>1, "pipeline.batch.size"=>125, "pipeline.batch.delay"=>5, "pipeline.max_inflight"=>125}
[2017-07-20T15:45:32,886][INFO ][logstash.pipeline        ] Pipeline main started
[2017-07-20T15:45:32,969][INFO ][logstash.agent           ] Successfully started Logstash API endpoint {:port=>9600}
[2017-07-20T16:20:03,107][WARN ][logstash.runner          ] SIGINT received. Shutting down the agent.
[2017-07-20T16:20:03,155][WARN ][logstash.agent           ] stopping pipeline {:id=>"main"}
[2017-07-20T16:20:22,826][INFO ][logstash.outputs.elasticsearch] Elasticsearch pool URLs updated {:changes=>{:removed=>[], :added=>[http://localhost:9200/]}}
[2017-07-20T16:20:22,840][INFO ][logstash.outputs.elasticsearch] Running health check to see if an Elasticsearch connection is working {:healthcheck_url=>http://localhost:9200/, :path=>"/"}
[2017-07-20T16:20:23,012][WARN ][logstash.outputs.elasticsearch] Restored connection to ES instance {:url=>#<Java::JavaNet::URI:0x1f894a7d>}
[2017-07-20T16:20:23,014][INFO ][logstash.outputs.elasticsearch] Using mapping template from {:path=>nil}
[2017-07-20T16:20:23,113][INFO ][logstash.outputs.elasticsearch] Attempting to install template {:manage_template=>{"template"=>"logstash-*", "version"=>50001, "settings"=>{"index.refresh_interval"=>"5s"}, "mappings"=>{"_default_"=>{"_all"=>{"enabled"=>true, "norms"=>false}, "dynamic_templates"=>[{"message_field"=>{"path_match"=>"message", "match_mapping_type"=>"string", "mapping"=>{"type"=>"text", "norms"=>false}}}, {"string_fields"=>{"match"=>"*", "match_mapping_type"=>"string", "mapping"=>{"type"=>"text", "norms"=>false, "fields"=>{"keyword"=>{"type"=>"keyword", "ignore_above"=>256}}}}}], "properties"=>{"@timestamp"=>{"type"=>"date", "include_in_all"=>false}, "@version"=>{"type"=>"keyword", "include_in_all"=>false}, "geoip"=>{"dynamic"=>true, "properties"=>{"ip"=>{"type"=>"ip"}, "location"=>{"type"=>"geo_point"}, "latitude"=>{"type"=>"half_float"}, "longitude"=>{"type"=>"half_float"}}}}}}}}
[2017-07-20T16:20:23,131][INFO ][logstash.outputs.elasticsearch] New Elasticsearch output {:class=>"LogStash::Outputs::ElasticSearch", :hosts=>[#<Java::JavaNet::URI:0x4ae0c12d>]}
[2017-07-20T16:20:23,134][INFO ][logstash.pipeline        ] Starting pipeline {"id"=>"main", "pipeline.workers"=>1, "pipeline.batch.size"=>125, "pipeline.batch.delay"=>5, "pipeline.max_inflight"=>125}
[2017-07-20T16:20:23,154][INFO ][logstash.pipeline        ] Pipeline main started
[2017-07-20T16:20:23,230][INFO ][logstash.agent           ] Successfully started Logstash API endpoint {:port=>9600}
[2017-07-20T16:21:52,733][WARN ][logstash.runner          ] SIGINT received. Shutting down the agent.
[2017-07-20T16:21:52,762][WARN ][logstash.agent           ] stopping pipeline {:id=>"main"}
[2017-07-20T16:22:12,240][INFO ][logstash.outputs.elasticsearch] Elasticsearch pool URLs updated {:changes=>{:removed=>[], :added=>[http://localhost:9200/]}}
[2017-07-20T16:22:12,256][INFO ][logstash.outputs.elasticsearch] Running health check to see if an Elasticsearch connection is working {:healthcheck_url=>http://localhost:9200/, :path=>"/"}
[2017-07-20T16:22:12,420][WARN ][logstash.outputs.elasticsearch] Restored connection to ES instance {:url=>#<Java::JavaNet::URI:0x624ec14b>}
[2017-07-20T16:22:12,428][INFO ][logstash.outputs.elasticsearch] Using mapping template from {:path=>nil}
[2017-07-20T16:22:12,502][INFO ][logstash.outputs.elasticsearch] Attempting to install template {:manage_template=>{"template"=>"logstash-*", "version"=>50001, "settings"=>{"index.refresh_interval"=>"5s"}, "mappings"=>{"_default_"=>{"_all"=>{"enabled"=>true, "norms"=>false}, "dynamic_templates"=>[{"message_field"=>{"path_match"=>"message", "match_mapping_type"=>"string", "mapping"=>{"type"=>"text", "norms"=>false}}}, {"string_fields"=>{"match"=>"*", "match_mapping_type"=>"string", "mapping"=>{"type"=>"text", "norms"=>false, "fields"=>{"keyword"=>{"type"=>"keyword", "ignore_above"=>256}}}}}], "properties"=>{"@timestamp"=>{"type"=>"date", "include_in_all"=>false}, "@version"=>{"type"=>"keyword", "include_in_all"=>false}, "geoip"=>{"dynamic"=>true, "properties"=>{"ip"=>{"type"=>"ip"}, "location"=>{"type"=>"geo_point"}, "latitude"=>{"type"=>"half_float"}, "longitude"=>{"type"=>"half_float"}}}}}}}}
[2017-07-20T16:22:12,511][INFO ][logstash.outputs.elasticsearch] New Elasticsearch output {:class=>"LogStash::Outputs::ElasticSearch", :hosts=>[#<Java::JavaNet::URI:0x73961d83>]}
[2017-07-20T16:22:12,514][INFO ][logstash.pipeline        ] Starting pipeline {"id"=>"main", "pipeline.workers"=>1, "pipeline.batch.size"=>125, "pipeline.batch.delay"=>5, "pipeline.max_inflight"=>125}
[2017-07-20T16:22:12,536][INFO ][logstash.pipeline        ] Pipeline main started
[2017-07-20T16:22:12,604][INFO ][logstash.agent           ] Successfully started Logstash API endpoint {:port=>9600}
[2017-07-20T16:23:33,929][WARN ][logstash.runner          ] SIGINT received. Shutting down the agent.
[2017-07-20T16:23:33,970][WARN ][logstash.agent           ] stopping pipeline {:id=>"main"}
[2017-07-20T16:24:02,533][INFO ][logstash.outputs.elasticsearch] Elasticsearch pool URLs updated {:changes=>{:removed=>[], :added=>[http://localhost:9200/]}}
[2017-07-20T16:24:02,543][INFO ][logstash.outputs.elasticsearch] Running health check to see if an Elasticsearch connection is working {:healthcheck_url=>http://localhost:9200/, :path=>"/"}
[2017-07-20T16:24:02,727][WARN ][logstash.outputs.elasticsearch] Restored connection to ES instance {:url=>#<Java::JavaNet::URI:0x7e282810>}
[2017-07-20T16:24:02,736][INFO ][logstash.outputs.elasticsearch] Using mapping template from {:path=>nil}
[2017-07-20T16:24:02,813][INFO ][logstash.outputs.elasticsearch] Attempting to install template {:manage_template=>{"template"=>"logstash-*", "version"=>50001, "settings"=>{"index.refresh_interval"=>"5s"}, "mappings"=>{"_default_"=>{"_all"=>{"enabled"=>true, "norms"=>false}, "dynamic_templates"=>[{"message_field"=>{"path_match"=>"message", "match_mapping_type"=>"string", "mapping"=>{"type"=>"text", "norms"=>false}}}, {"string_fields"=>{"match"=>"*", "match_mapping_type"=>"string", "mapping"=>{"type"=>"text", "norms"=>false, "fields"=>{"keyword"=>{"type"=>"keyword", "ignore_above"=>256}}}}}], "properties"=>{"@timestamp"=>{"type"=>"date", "include_in_all"=>false}, "@version"=>{"type"=>"keyword", "include_in_all"=>false}, "geoip"=>{"dynamic"=>true, "properties"=>{"ip"=>{"type"=>"ip"}, "location"=>{"type"=>"geo_point"}, "latitude"=>{"type"=>"half_float"}, "longitude"=>{"type"=>"half_float"}}}}}}}}
[2017-07-20T16:24:02,823][INFO ][logstash.outputs.elasticsearch] New Elasticsearch output {:class=>"LogStash::Outputs::ElasticSearch", :hosts=>[#<Java::JavaNet::URI:0x1e5fc4cb>]}
[2017-07-20T16:24:02,829][INFO ][logstash.pipeline        ] Starting pipeline {"id"=>"main", "pipeline.workers"=>1, "pipeline.batch.size"=>125, "pipeline.batch.delay"=>5, "pipeline.max_inflight"=>125}
[2017-07-20T16:24:02,857][INFO ][logstash.pipeline        ] Pipeline main started
[2017-07-20T16:24:02,938][INFO ][logstash.agent           ] Successfully started Logstash API endpoint {:port=>9600}
[2017-07-20T16:25:55,435][WARN ][logstash.runner          ] SIGINT received. Shutting down the agent.
[2017-07-20T16:25:55,480][WARN ][logstash.agent           ] stopping pipeline {:id=>"main"}
[2017-07-20T16:26:14,420][INFO ][logstash.outputs.elasticsearch] Elasticsearch pool URLs updated {:changes=>{:removed=>[], :added=>[http://localhost:9200/]}}
[2017-07-20T16:26:14,431][INFO ][logstash.outputs.elasticsearch] Running health check to see if an Elasticsearch connection is working {:healthcheck_url=>http://localhost:9200/, :path=>"/"}
[2017-07-20T16:26:14,607][WARN ][logstash.outputs.elasticsearch] Restored connection to ES instance {:url=>#<Java::JavaNet::URI:0x7f04473c>}
[2017-07-20T16:26:14,609][INFO ][logstash.outputs.elasticsearch] Using mapping template from {:path=>nil}
[2017-07-20T16:26:14,680][INFO ][logstash.outputs.elasticsearch] Attempting to install template {:manage_template=>{"template"=>"logstash-*", "version"=>50001, "settings"=>{"index.refresh_interval"=>"5s"}, "mappings"=>{"_default_"=>{"_all"=>{"enabled"=>true, "norms"=>false}, "dynamic_templates"=>[{"message_field"=>{"path_match"=>"message", "match_mapping_type"=>"string", "mapping"=>{"type"=>"text", "norms"=>false}}}, {"string_fields"=>{"match"=>"*", "match_mapping_type"=>"string", "mapping"=>{"type"=>"text", "norms"=>false, "fields"=>{"keyword"=>{"type"=>"keyword", "ignore_above"=>256}}}}}], "properties"=>{"@timestamp"=>{"type"=>"date", "include_in_all"=>false}, "@version"=>{"type"=>"keyword", "include_in_all"=>false}, "geoip"=>{"dynamic"=>true, "properties"=>{"ip"=>{"type"=>"ip"}, "location"=>{"type"=>"geo_point"}, "latitude"=>{"type"=>"half_float"}, "longitude"=>{"type"=>"half_float"}}}}}}}}
[2017-07-20T16:26:14,696][INFO ][logstash.outputs.elasticsearch] New Elasticsearch output {:class=>"LogStash::Outputs::ElasticSearch", :hosts=>[#<Java::JavaNet::URI:0x7f947bee>]}
[2017-07-20T16:26:14,818][INFO ][logstash.pipeline        ] Starting pipeline {"id"=>"main", "pipeline.workers"=>1, "pipeline.batch.size"=>125, "pipeline.batch.delay"=>5, "pipeline.max_inflight"=>125}
[2017-07-20T16:26:14,838][INFO ][logstash.pipeline        ] Pipeline main started
[2017-07-20T16:26:15,012][INFO ][logstash.agent           ] Successfully started Logstash API endpoint {:port=>9600}
[2017-07-20T16:34:22,216][WARN ][logstash.runner          ] SIGINT received. Shutting down the agent.
[2017-07-20T16:34:22,318][WARN ][logstash.agent           ] stopping pipeline {:id=>"main"}
[2017-07-20T16:34:45,310][INFO ][logstash.outputs.elasticsearch] Elasticsearch pool URLs updated {:changes=>{:removed=>[], :added=>[http://localhost:9200/]}}
[2017-07-20T16:34:45,321][INFO ][logstash.outputs.elasticsearch] Running health check to see if an Elasticsearch connection is working {:healthcheck_url=>http://localhost:9200/, :path=>"/"}
[2017-07-20T16:34:45,539][WARN ][logstash.outputs.elasticsearch] Restored connection to ES instance {:url=>#<Java::JavaNet::URI:0x79757461>}
[2017-07-20T16:34:45,547][INFO ][logstash.outputs.elasticsearch] Using mapping template from {:path=>nil}
[2017-07-20T16:34:45,732][INFO ][logstash.outputs.elasticsearch] Attempting to install template {:manage_template=>{"template"=>"logstash-*", "version"=>50001, "settings"=>{"index.refresh_interval"=>"5s"}, "mappings"=>{"_default_"=>{"_all"=>{"enabled"=>true, "norms"=>false}, "dynamic_templates"=>[{"message_field"=>{"path_match"=>"message", "match_mapping_type"=>"string", "mapping"=>{"type"=>"text", "norms"=>false}}}, {"string_fields"=>{"match"=>"*", "match_mapping_type"=>"string", "mapping"=>{"type"=>"text", "norms"=>false, "fields"=>{"keyword"=>{"type"=>"keyword", "ignore_above"=>256}}}}}], "properties"=>{"@timestamp"=>{"type"=>"date", "include_in_all"=>false}, "@version"=>{"type"=>"keyword", "include_in_all"=>false}, "geoip"=>{"dynamic"=>true, "properties"=>{"ip"=>{"type"=>"ip"}, "location"=>{"type"=>"geo_point"}, "latitude"=>{"type"=>"half_float"}, "longitude"=>{"type"=>"half_float"}}}}}}}}
[2017-07-20T16:34:45,777][INFO ][logstash.outputs.elasticsearch] New Elasticsearch output {:class=>"LogStash::Outputs::ElasticSearch", :hosts=>[#<Java::JavaNet::URI:0x56e9a510>]}
[2017-07-20T16:34:45,878][INFO ][logstash.pipeline        ] Starting pipeline {"id"=>"main", "pipeline.workers"=>1, "pipeline.batch.size"=>125, "pipeline.batch.delay"=>5, "pipeline.max_inflight"=>125}
[2017-07-20T16:34:45,899][INFO ][logstash.pipeline        ] Pipeline main started
[2017-07-20T16:34:46,084][INFO ][logstash.agent           ] Successfully started Logstash API endpoint {:port=>9600}
[2017-07-20T16:38:38,133][WARN ][logstash.runner          ] SIGINT received. Shutting down the agent.
[2017-07-20T16:38:38,196][WARN ][logstash.agent           ] stopping pipeline {:id=>"main"}
[2017-07-20T16:38:59,347][INFO ][logstash.outputs.elasticsearch] Elasticsearch pool URLs updated {:changes=>{:removed=>[], :added=>[http://localhost:9200/]}}
[2017-07-20T16:38:59,358][INFO ][logstash.outputs.elasticsearch] Running health check to see if an Elasticsearch connection is working {:healthcheck_url=>http://localhost:9200/, :path=>"/"}
[2017-07-20T16:38:59,515][WARN ][logstash.outputs.elasticsearch] Attempted to resurrect connection to dead ES instance, but got an error. {:url=>#<Java::JavaNet::URI:0x181ca1b2>, :error_type=>LogStash::Outputs::ElasticSearch::HttpClient::Pool::HostUnreachableError, :error=>"Elasticsearch Unreachable: [http://localhost:9200/][Manticore::SocketException] Connection refused (Connection refused)"}
[2017-07-20T16:38:59,521][INFO ][logstash.outputs.elasticsearch] Using mapping template from {:path=>nil}
[2017-07-20T16:38:59,534][WARN ][logstash.outputs.elasticsearch] Marking url as dead. Last error: [LogStash::Outputs::ElasticSearch::HttpClient::Pool::HostUnreachableError] Elasticsearch Unreachable: [http://localhost:9200/][Manticore::SocketException] Connection refused (Connection refused) {:url=>http://localhost:9200/, :error_message=>"Elasticsearch Unreachable: [http://localhost:9200/][Manticore::SocketException] Connection refused (Connection refused)", :error_class=>"LogStash::Outputs::ElasticSearch::HttpClient::Pool::HostUnreachableError"}
[2017-07-20T16:38:59,540][ERROR][logstash.outputs.elasticsearch] Failed to install template. {:message=>"Elasticsearch Unreachable: [http://localhost:9200/][Manticore::SocketException] Connection refused (Connection refused)", :class=>"LogStash::Outputs::ElasticSearch::HttpClient::Pool::HostUnreachableError", :backtrace=>["/home/samuel/logstash-5.5.0/vendor/bundle/jruby/1.9/gems/logstash-output-elasticsearch-7.3.6-java/lib/logstash/outputs/elasticsearch/http_client/pool.rb:271:in `perform_request_to_url'", "/home/samuel/logstash-5.5.0/vendor/bundle/jruby/1.9/gems/logstash-output-elasticsearch-7.3.6-java/lib/logstash/outputs/elasticsearch/http_client/pool.rb:257:in `perform_request'", "/home/samuel/logstash-5.5.0/vendor/bundle/jruby/1.9/gems/logstash-output-elasticsearch-7.3.6-java/lib/logstash/outputs/elasticsearch/http_client/pool.rb:347:in `with_connection'", "/home/samuel/logstash-5.5.0/vendor/bundle/jruby/1.9/gems/logstash-output-elasticsearch-7.3.6-java/lib/logstash/outputs/elasticsearch/http_client/pool.rb:256:in `perform_request'", "/home/samuel/logstash-5.5.0/vendor/bundle/jruby/1.9/gems/logstash-output-elasticsearch-7.3.6-java/lib/logstash/outputs/elasticsearch/http_client/pool.rb:264:in `get'", "/home/samuel/logstash-5.5.0/vendor/bundle/jruby/1.9/gems/logstash-output-elasticsearch-7.3.6-java/lib/logstash/outputs/elasticsearch/http_client.rb:86:in `get_version'", "/home/samuel/logstash-5.5.0/vendor/bundle/jruby/1.9/gems/logstash-output-elasticsearch-7.3.6-java/lib/logstash/outputs/elasticsearch/template_manager.rb:16:in `get_es_version'", "/home/samuel/logstash-5.5.0/vendor/bundle/jruby/1.9/gems/logstash-output-elasticsearch-7.3.6-java/lib/logstash/outputs/elasticsearch/template_manager.rb:20:in `get_es_major_version'", "/home/samuel/logstash-5.5.0/vendor/bundle/jruby/1.9/gems/logstash-output-elasticsearch-7.3.6-java/lib/logstash/outputs/elasticsearch/template_manager.rb:7:in `install_template'", "/home/samuel/logstash-5.5.0/vendor/bundle/jruby/1.9/gems/logstash-output-elasticsearch-7.3.6-java/lib/logstash/outputs/elasticsearch/common.rb:62:in `install_template'", "/home/samuel/logstash-5.5.0/vendor/bundle/jruby/1.9/gems/logstash-output-elasticsearch-7.3.6-java/lib/logstash/outputs/elasticsearch/common.rb:29:in `register'", "/home/samuel/logstash-5.5.0/logstash-core/lib/logstash/output_delegator_strategies/shared.rb:9:in `register'", "/home/samuel/logstash-5.5.0/logstash-core/lib/logstash/output_delegator.rb:41:in `register'", "/home/samuel/logstash-5.5.0/logstash-core/lib/logstash/pipeline.rb:281:in `register_plugin'", "/home/samuel/logstash-5.5.0/logstash-core/lib/logstash/pipeline.rb:292:in `register_plugins'", "org/jruby/RubyArray.java:1613:in `each'", "/home/samuel/logstash-5.5.0/logstash-core/lib/logstash/pipeline.rb:292:in `register_plugins'", "/home/samuel/logstash-5.5.0/logstash-core/lib/logstash/pipeline.rb:301:in `start_workers'", "/home/samuel/logstash-5.5.0/logstash-core/lib/logstash/pipeline.rb:226:in `run'", "/home/samuel/logstash-5.5.0/logstash-core/lib/logstash/agent.rb:398:in `start_pipeline'"]}
[2017-07-20T16:38:59,551][INFO ][logstash.outputs.elasticsearch] New Elasticsearch output {:class=>"LogStash::Outputs::ElasticSearch", :hosts=>[#<Java::JavaNet::URI:0x511b922e>]}
[2017-07-20T16:38:59,643][INFO ][logstash.pipeline        ] Starting pipeline {"id"=>"main", "pipeline.workers"=>1, "pipeline.batch.size"=>125, "pipeline.batch.delay"=>5, "pipeline.max_inflight"=>125}
[2017-07-20T16:38:59,661][INFO ][logstash.pipeline        ] Pipeline main started
[2017-07-20T16:38:59,743][INFO ][logstash.agent           ] Successfully started Logstash API endpoint {:port=>9600}
[2017-07-20T16:39:04,535][INFO ][logstash.outputs.elasticsearch] Running health check to see if an Elasticsearch connection is working {:healthcheck_url=>http://localhost:9200/, :path=>"/"}
[2017-07-20T16:39:04,590][WARN ][logstash.outputs.elasticsearch] Attempted to resurrect connection to dead ES instance, but got an error. {:url=>#<Java::JavaNet::URI:0x181ca1b2>, :error_type=>LogStash::Outputs::ElasticSearch::HttpClient::Pool::HostUnreachableError, :error=>"Elasticsearch Unreachable: [http://localhost:9200/][Manticore::SocketException] Connection refused (Connection refused)"}
[2017-07-20T16:39:09,595][INFO ][logstash.outputs.elasticsearch] Running health check to see if an Elasticsearch connection is working {:healthcheck_url=>http://localhost:9200/, :path=>"/"}
[2017-07-20T16:39:09,691][WARN ][logstash.outputs.elasticsearch] Attempted to resurrect connection to dead ES instance, but got an error. {:url=>#<Java::JavaNet::URI:0x181ca1b2>, :error_type=>LogStash::Outputs::ElasticSearch::HttpClient::Pool::HostUnreachableError, :error=>"Elasticsearch Unreachable: [http://localhost:9200/][Manticore::SocketException] Connection refused (Connection refused)"}
[2017-07-20T16:39:14,711][INFO ][logstash.outputs.elasticsearch] Running health check to see if an Elasticsearch connection is working {:healthcheck_url=>http://localhost:9200/, :path=>"/"}
[2017-07-20T16:39:14,734][WARN ][logstash.outputs.elasticsearch] Attempted to resurrect connection to dead ES instance, but got an error. {:url=>#<Java::JavaNet::URI:0x181ca1b2>, :error_type=>LogStash::Outputs::ElasticSearch::HttpClient::Pool::HostUnreachableError, :error=>"Elasticsearch Unreachable: [http://localhost:9200/][Manticore::SocketException] Connection refused (Connection refused)"}
[2017-07-20T16:39:20,091][INFO ][logstash.outputs.elasticsearch] Running health check to see if an Elasticsearch connection is working {:healthcheck_url=>http://localhost:9200/, :path=>"/"}
[2017-07-20T16:39:20,258][WARN ][logstash.outputs.elasticsearch] Attempted to resurrect connection to dead ES instance, but got an error. {:url=>#<Java::JavaNet::URI:0x181ca1b2>, :error_type=>LogStash::Outputs::ElasticSearch::HttpClient::Pool::HostUnreachableError, :error=>"Elasticsearch Unreachable: [http://localhost:9200/][Manticore::SocketException] Connection refused (Connection refused)"}
[2017-07-20T16:39:25,266][INFO ][logstash.outputs.elasticsearch] Running health check to see if an Elasticsearch connection is working {:healthcheck_url=>http://localhost:9200/, :path=>"/"}
[2017-07-20T16:39:25,279][WARN ][logstash.outputs.elasticsearch] Attempted to resurrect connection to dead ES instance, but got an error. {:url=>#<Java::JavaNet::URI:0x181ca1b2>, :error_type=>LogStash::Outputs::ElasticSearch::HttpClient::Pool::HostUnreachableError, :error=>"Elasticsearch Unreachable: [http://localhost:9200/][Manticore::SocketException] Connection refused (Connection refused)"}
[2017-07-20T16:39:30,287][INFO ][logstash.outputs.elasticsearch] Running health check to see if an Elasticsearch connection is working {:healthcheck_url=>http://localhost:9200/, :path=>"/"}
[2017-07-20T16:39:30,304][WARN ][logstash.outputs.elasticsearch] Attempted to resurrect connection to dead ES instance, but got an error. {:url=>#<Java::JavaNet::URI:0x181ca1b2>, :error_type=>LogStash::Outputs::ElasticSearch::HttpClient::Pool::HostUnreachableError, :error=>"Elasticsearch Unreachable: [http://localhost:9200/][Manticore::SocketException] Connection refused (Connection refused)"}
[2017-07-20T16:39:35,315][INFO ][logstash.outputs.elasticsearch] Running health check to see if an Elasticsearch connection is working {:healthcheck_url=>http://localhost:9200/, :path=>"/"}
[2017-07-20T16:39:36,134][WARN ][logstash.outputs.elasticsearch] Restored connection to ES instance {:url=>#<Java::JavaNet::URI:0x181ca1b2>}
[2017-07-20T16:42:45,102][WARN ][logstash.runner          ] SIGINT received. Shutting down the agent.
[2017-07-20T16:42:45,171][WARN ][logstash.agent           ] stopping pipeline {:id=>"main"}
[2017-07-20T16:43:09,296][INFO ][logstash.outputs.elasticsearch] Elasticsearch pool URLs updated {:changes=>{:removed=>[], :added=>[http://localhost:9200/]}}
[2017-07-20T16:43:09,313][INFO ][logstash.outputs.elasticsearch] Running health check to see if an Elasticsearch connection is working {:healthcheck_url=>http://localhost:9200/, :path=>"/"}
[2017-07-20T16:43:09,510][WARN ][logstash.outputs.elasticsearch] Restored connection to ES instance {:url=>#<Java::JavaNet::URI:0x6fe97d39>}
[2017-07-20T16:43:09,520][INFO ][logstash.outputs.elasticsearch] Using mapping template from {:path=>nil}
[2017-07-20T16:43:09,623][INFO ][logstash.outputs.elasticsearch] Attempting to install template {:manage_template=>{"template"=>"logstash-*", "version"=>50001, "settings"=>{"index.refresh_interval"=>"5s"}, "mappings"=>{"_default_"=>{"_all"=>{"enabled"=>true, "norms"=>false}, "dynamic_templates"=>[{"message_field"=>{"path_match"=>"message", "match_mapping_type"=>"string", "mapping"=>{"type"=>"text", "norms"=>false}}}, {"string_fields"=>{"match"=>"*", "match_mapping_type"=>"string", "mapping"=>{"type"=>"text", "norms"=>false, "fields"=>{"keyword"=>{"type"=>"keyword", "ignore_above"=>256}}}}}], "properties"=>{"@timestamp"=>{"type"=>"date", "include_in_all"=>false}, "@version"=>{"type"=>"keyword", "include_in_all"=>false}, "geoip"=>{"dynamic"=>true, "properties"=>{"ip"=>{"type"=>"ip"}, "location"=>{"type"=>"geo_point"}, "latitude"=>{"type"=>"half_float"}, "longitude"=>{"type"=>"half_float"}}}}}}}}
[2017-07-20T16:43:09,643][INFO ][logstash.outputs.elasticsearch] New Elasticsearch output {:class=>"LogStash::Outputs::ElasticSearch", :hosts=>[#<Java::JavaNet::URI:0x189959e6>]}
[2017-07-20T16:43:09,649][INFO ][logstash.pipeline        ] Starting pipeline {"id"=>"main", "pipeline.workers"=>1, "pipeline.batch.size"=>125, "pipeline.batch.delay"=>5, "pipeline.max_inflight"=>125}
[2017-07-20T16:43:10,002][INFO ][logstash.pipeline        ] Pipeline main started
[2017-07-20T16:43:10,100][INFO ][logstash.agent           ] Successfully started Logstash API endpoint {:port=>9600}
[2017-07-20T16:50:02,211][WARN ][logstash.runner          ] SIGINT received. Shutting down the agent.
[2017-07-20T16:50:02,236][WARN ][logstash.agent           ] stopping pipeline {:id=>"main"}
[2017-07-20T17:25:21,235][INFO ][logstash.agent           ] No config files found in path {:path=>"/home/samuel/logstash-5.5.0/bin/logstash.cof"}
[2017-07-20T17:25:21,245][ERROR][logstash.agent           ] failed to fetch pipeline configuration {:message=>"No config files found: logstash.cof. Can you make sure this path is a logstash config file?"}
[2017-07-20T17:26:19,088][INFO ][logstash.agent           ] No config files found in path {:path=>"/home/samuel/logstash-5.5.0/bin/logstash.cof"}
[2017-07-20T17:26:19,100][ERROR][logstash.agent           ] failed to fetch pipeline configuration {:message=>"No config files found: logstash.cof. Can you make sure this path is a logstash config file?"}
[2017-07-20T17:27:03,721][INFO ][logstash.agent           ] No config files found in path {:path=>"/home/samuel/logstash-5.5.0/bin/logstash.cof"}
[2017-07-20T17:27:03,733][ERROR][logstash.agent           ] failed to fetch pipeline configuration {:message=>"No config files found: logstash.cof. Can you make sure this path is a logstash config file?"}
[2017-07-20T17:45:05,462][INFO ][logstash.outputs.elasticsearch] Elasticsearch pool URLs updated {:changes=>{:removed=>[], :added=>[http://localhost:9200/]}}
[2017-07-20T17:45:05,475][INFO ][logstash.outputs.elasticsearch] Running health check to see if an Elasticsearch connection is working {:healthcheck_url=>http://localhost:9200/, :path=>"/"}
[2017-07-20T17:45:05,652][WARN ][logstash.outputs.elasticsearch] Restored connection to ES instance {:url=>#<Java::JavaNet::URI:0x3db42ec5>}
[2017-07-20T17:45:05,660][INFO ][logstash.outputs.elasticsearch] Using mapping template from {:path=>nil}
[2017-07-20T17:45:05,854][INFO ][logstash.outputs.elasticsearch] Attempting to install template {:manage_template=>{"template"=>"logstash-*", "version"=>50001, "settings"=>{"index.refresh_interval"=>"5s"}, "mappings"=>{"_default_"=>{"_all"=>{"enabled"=>true, "norms"=>false}, "dynamic_templates"=>[{"message_field"=>{"path_match"=>"message", "match_mapping_type"=>"string", "mapping"=>{"type"=>"text", "norms"=>false}}}, {"string_fields"=>{"match"=>"*", "match_mapping_type"=>"string", "mapping"=>{"type"=>"text", "norms"=>false, "fields"=>{"keyword"=>{"type"=>"keyword", "ignore_above"=>256}}}}}], "properties"=>{"@timestamp"=>{"type"=>"date", "include_in_all"=>false}, "@version"=>{"type"=>"keyword", "include_in_all"=>false}, "geoip"=>{"dynamic"=>true, "properties"=>{"ip"=>{"type"=>"ip"}, "location"=>{"type"=>"geo_point"}, "latitude"=>{"type"=>"half_float"}, "longitude"=>{"type"=>"half_float"}}}}}}}}
[2017-07-20T17:45:05,871][INFO ][logstash.outputs.elasticsearch] New Elasticsearch output {:class=>"LogStash::Outputs::ElasticSearch", :hosts=>[#<Java::JavaNet::URI:0x7b28ac>]}
[2017-07-20T17:45:05,879][INFO ][logstash.pipeline        ] Starting pipeline {"id"=>"main", "pipeline.workers"=>1, "pipeline.batch.size"=>125, "pipeline.batch.delay"=>5, "pipeline.max_inflight"=>125}
[2017-07-20T17:45:06,254][INFO ][logstash.pipeline        ] Pipeline main started
[2017-07-20T17:45:06,350][INFO ][logstash.agent           ] Successfully started Logstash API endpoint {:port=>9600}
[2017-07-20T17:48:04,242][WARN ][logstash.runner          ] SIGHUP received.
[2017-07-20T17:48:04,240][WARN ][logstash.runner          ] SIGHUP received.
[2017-07-20T17:48:28,484][WARN ][logstash.runner          ] SIGHUP received.
[2017-07-20T17:48:28,454][WARN ][logstash.runner          ] SIGTERM received. Shutting down the agent.
[2017-07-20T17:48:28,547][WARN ][logstash.agent           ] stopping pipeline {:id=>"main"}
