[2017-08-04T11:19:05,717][INFO ][logstash.outputs.elasticsearch] Elasticsearch pool URLs updated {:changes=>{:removed=>[], :added=>[http://localhost:9200/]}}
[2017-08-04T11:19:05,752][INFO ][logstash.outputs.elasticsearch] Running health check to see if an Elasticsearch connection is working {:healthcheck_url=>http://localhost:9200/, :path=>"/"}
[2017-08-04T11:19:05,928][WARN ][logstash.outputs.elasticsearch] Restored connection to ES instance {:url=>#<Java::JavaNet::URI:0x79b8f9d4>}
[2017-08-04T11:19:05,934][INFO ][logstash.outputs.elasticsearch] Using mapping template from {:path=>nil}
[2017-08-04T11:19:06,122][INFO ][logstash.outputs.elasticsearch] Attempting to install template {:manage_template=>{"template"=>"logstash-*", "version"=>50001, "settings"=>{"index.refresh_interval"=>"5s"}, "mappings"=>{"_default_"=>{"_all"=>{"enabled"=>true, "norms"=>false}, "dynamic_templates"=>[{"message_field"=>{"path_match"=>"message", "match_mapping_type"=>"string", "mapping"=>{"type"=>"text", "norms"=>false}}}, {"string_fields"=>{"match"=>"*", "match_mapping_type"=>"string", "mapping"=>{"type"=>"text", "norms"=>false, "fields"=>{"keyword"=>{"type"=>"keyword", "ignore_above"=>256}}}}}], "properties"=>{"@timestamp"=>{"type"=>"date", "include_in_all"=>false}, "@version"=>{"type"=>"keyword", "include_in_all"=>false}, "geoip"=>{"dynamic"=>true, "properties"=>{"ip"=>{"type"=>"ip"}, "location"=>{"type"=>"geo_point"}, "latitude"=>{"type"=>"half_float"}, "longitude"=>{"type"=>"half_float"}}}}}}}}
[2017-08-04T11:19:06,138][INFO ][logstash.outputs.elasticsearch] New Elasticsearch output {:class=>"LogStash::Outputs::ElasticSearch", :hosts=>[#<Java::JavaNet::URI:0x47616a91>]}
[2017-08-04T11:19:06,150][INFO ][logstash.pipeline        ] Starting pipeline {"id"=>"main", "pipeline.workers"=>1, "pipeline.batch.size"=>125, "pipeline.batch.delay"=>5, "pipeline.max_inflight"=>125}
[2017-08-04T11:19:06,693][INFO ][logstash.pipeline        ] Pipeline main started
[2017-08-04T11:19:06,893][INFO ][logstash.agent           ] Successfully started Logstash API endpoint {:port=>9600}
[2017-08-04T16:57:39,675][WARN ][logstash.runner          ] SIGINT received. Shutting down the agent.
[2017-08-04T16:57:39,791][WARN ][logstash.agent           ] stopping pipeline {:id=>"main"}
[2017-08-04T16:58:36,060][INFO ][logstash.outputs.elasticsearch] Elasticsearch pool URLs updated {:changes=>{:removed=>[], :added=>[http://localhost:9200/]}}
[2017-08-04T16:58:36,073][INFO ][logstash.outputs.elasticsearch] Running health check to see if an Elasticsearch connection is working {:healthcheck_url=>http://localhost:9200/, :path=>"/"}
[2017-08-04T16:58:36,268][WARN ][logstash.outputs.elasticsearch] Restored connection to ES instance {:url=>#<Java::JavaNet::URI:0x79b4f30c>}
[2017-08-04T16:58:36,273][INFO ][logstash.outputs.elasticsearch] Using mapping template from {:path=>nil}
[2017-08-04T16:58:36,361][INFO ][logstash.outputs.elasticsearch] Attempting to install template {:manage_template=>{"template"=>"logstash-*", "version"=>50001, "settings"=>{"index.refresh_interval"=>"5s"}, "mappings"=>{"_default_"=>{"_all"=>{"enabled"=>true, "norms"=>false}, "dynamic_templates"=>[{"message_field"=>{"path_match"=>"message", "match_mapping_type"=>"string", "mapping"=>{"type"=>"text", "norms"=>false}}}, {"string_fields"=>{"match"=>"*", "match_mapping_type"=>"string", "mapping"=>{"type"=>"text", "norms"=>false, "fields"=>{"keyword"=>{"type"=>"keyword", "ignore_above"=>256}}}}}], "properties"=>{"@timestamp"=>{"type"=>"date", "include_in_all"=>false}, "@version"=>{"type"=>"keyword", "include_in_all"=>false}, "geoip"=>{"dynamic"=>true, "properties"=>{"ip"=>{"type"=>"ip"}, "location"=>{"type"=>"geo_point"}, "latitude"=>{"type"=>"half_float"}, "longitude"=>{"type"=>"half_float"}}}}}}}}
[2017-08-04T16:58:36,380][INFO ][logstash.outputs.elasticsearch] New Elasticsearch output {:class=>"LogStash::Outputs::ElasticSearch", :hosts=>[#<Java::JavaNet::URI:0x35d18ddd>]}
[2017-08-04T16:58:36,382][INFO ][logstash.pipeline        ] Starting pipeline {"id"=>"main", "pipeline.workers"=>1, "pipeline.batch.size"=>125, "pipeline.batch.delay"=>5, "pipeline.max_inflight"=>125}
[2017-08-04T16:58:36,923][INFO ][logstash.pipeline        ] Pipeline main started
[2017-08-04T16:58:37,110][INFO ][logstash.agent           ] Successfully started Logstash API endpoint {:port=>9600}
[2017-08-04T18:39:27,711][WARN ][logstash.runner          ] SIGHUP received.
[2017-08-04T18:39:27,704][WARN ][logstash.runner          ] SIGHUP received.
