[2017-07-21T11:33:37,585][INFO ][logstash.outputs.elasticsearch] Elasticsearch pool URLs updated {:changes=>{:removed=>[], :added=>[http://localhost:9200/]}}
[2017-07-21T11:33:37,611][INFO ][logstash.outputs.elasticsearch] Running health check to see if an Elasticsearch connection is working {:healthcheck_url=>http://localhost:9200/, :path=>"/"}
[2017-07-21T11:33:37,774][WARN ][logstash.outputs.elasticsearch] Restored connection to ES instance {:url=>#<Java::JavaNet::URI:0xb451042>}
[2017-07-21T11:33:37,789][INFO ][logstash.outputs.elasticsearch] Using mapping template from {:path=>nil}
[2017-07-21T11:33:37,964][INFO ][logstash.outputs.elasticsearch] Attempting to install template {:manage_template=>{"template"=>"logstash-*", "version"=>50001, "settings"=>{"index.refresh_interval"=>"5s"}, "mappings"=>{"_default_"=>{"_all"=>{"enabled"=>true, "norms"=>false}, "dynamic_templates"=>[{"message_field"=>{"path_match"=>"message", "match_mapping_type"=>"string", "mapping"=>{"type"=>"text", "norms"=>false}}}, {"string_fields"=>{"match"=>"*", "match_mapping_type"=>"string", "mapping"=>{"type"=>"text", "norms"=>false, "fields"=>{"keyword"=>{"type"=>"keyword", "ignore_above"=>256}}}}}], "properties"=>{"@timestamp"=>{"type"=>"date", "include_in_all"=>false}, "@version"=>{"type"=>"keyword", "include_in_all"=>false}, "geoip"=>{"dynamic"=>true, "properties"=>{"ip"=>{"type"=>"ip"}, "location"=>{"type"=>"geo_point"}, "latitude"=>{"type"=>"half_float"}, "longitude"=>{"type"=>"half_float"}}}}}}}}
[2017-07-21T11:33:37,991][INFO ][logstash.outputs.elasticsearch] New Elasticsearch output {:class=>"LogStash::Outputs::ElasticSearch", :hosts=>[#<Java::JavaNet::URI:0x4119f3c2>]}
[2017-07-21T11:33:37,998][INFO ][logstash.pipeline        ] Starting pipeline {"id"=>"main", "pipeline.workers"=>1, "pipeline.batch.size"=>125, "pipeline.batch.delay"=>5, "pipeline.max_inflight"=>125}
[2017-07-21T11:33:38,378][INFO ][logstash.pipeline        ] Pipeline main started
[2017-07-21T11:33:38,477][INFO ][logstash.agent           ] Successfully started Logstash API endpoint {:port=>9600}
[2017-07-21T11:33:42,197][WARN ][logstash.runner          ] SIGINT received. Shutting down the agent.
[2017-07-21T11:33:42,212][WARN ][logstash.agent           ] stopping pipeline {:id=>"main"}
[2017-07-21T11:35:32,452][INFO ][logstash.outputs.elasticsearch] Elasticsearch pool URLs updated {:changes=>{:removed=>[], :added=>[http://localhost:9200/]}}
[2017-07-21T11:35:32,465][INFO ][logstash.outputs.elasticsearch] Running health check to see if an Elasticsearch connection is working {:healthcheck_url=>http://localhost:9200/, :path=>"/"}
[2017-07-21T11:35:32,631][WARN ][logstash.outputs.elasticsearch] Restored connection to ES instance {:url=>#<Java::JavaNet::URI:0x1806941a>}
[2017-07-21T11:35:32,636][INFO ][logstash.outputs.elasticsearch] Using mapping template from {:path=>nil}
[2017-07-21T11:35:32,712][INFO ][logstash.outputs.elasticsearch] Attempting to install template {:manage_template=>{"template"=>"logstash-*", "version"=>50001, "settings"=>{"index.refresh_interval"=>"5s"}, "mappings"=>{"_default_"=>{"_all"=>{"enabled"=>true, "norms"=>false}, "dynamic_templates"=>[{"message_field"=>{"path_match"=>"message", "match_mapping_type"=>"string", "mapping"=>{"type"=>"text", "norms"=>false}}}, {"string_fields"=>{"match"=>"*", "match_mapping_type"=>"string", "mapping"=>{"type"=>"text", "norms"=>false, "fields"=>{"keyword"=>{"type"=>"keyword", "ignore_above"=>256}}}}}], "properties"=>{"@timestamp"=>{"type"=>"date", "include_in_all"=>false}, "@version"=>{"type"=>"keyword", "include_in_all"=>false}, "geoip"=>{"dynamic"=>true, "properties"=>{"ip"=>{"type"=>"ip"}, "location"=>{"type"=>"geo_point"}, "latitude"=>{"type"=>"half_float"}, "longitude"=>{"type"=>"half_float"}}}}}}}}
[2017-07-21T11:35:32,729][INFO ][logstash.outputs.elasticsearch] New Elasticsearch output {:class=>"LogStash::Outputs::ElasticSearch", :hosts=>[#<Java::JavaNet::URI:0x14edf4>]}
[2017-07-21T11:35:32,733][INFO ][logstash.pipeline        ] Starting pipeline {"id"=>"main", "pipeline.workers"=>1, "pipeline.batch.size"=>125, "pipeline.batch.delay"=>5, "pipeline.max_inflight"=>125}
[2017-07-21T11:35:33,015][INFO ][logstash.pipeline        ] Pipeline main started
[2017-07-21T11:35:33,137][INFO ][logstash.agent           ] Successfully started Logstash API endpoint {:port=>9600}
[2017-07-21T11:39:31,188][WARN ][logstash.runner          ] SIGINT received. Shutting down the agent.
[2017-07-21T11:39:31,288][WARN ][logstash.agent           ] stopping pipeline {:id=>"main"}
[2017-07-21T11:39:54,300][INFO ][logstash.outputs.elasticsearch] Elasticsearch pool URLs updated {:changes=>{:removed=>[], :added=>[http://localhost:9200/]}}
[2017-07-21T11:39:54,316][INFO ][logstash.outputs.elasticsearch] Running health check to see if an Elasticsearch connection is working {:healthcheck_url=>http://localhost:9200/, :path=>"/"}
[2017-07-21T11:39:54,487][WARN ][logstash.outputs.elasticsearch] Restored connection to ES instance {:url=>#<Java::JavaNet::URI:0xe904049>}
[2017-07-21T11:39:54,495][INFO ][logstash.outputs.elasticsearch] Using mapping template from {:path=>nil}
[2017-07-21T11:39:54,630][INFO ][logstash.outputs.elasticsearch] Attempting to install template {:manage_template=>{"template"=>"logstash-*", "version"=>50001, "settings"=>{"index.refresh_interval"=>"5s"}, "mappings"=>{"_default_"=>{"_all"=>{"enabled"=>true, "norms"=>false}, "dynamic_templates"=>[{"message_field"=>{"path_match"=>"message", "match_mapping_type"=>"string", "mapping"=>{"type"=>"text", "norms"=>false}}}, {"string_fields"=>{"match"=>"*", "match_mapping_type"=>"string", "mapping"=>{"type"=>"text", "norms"=>false, "fields"=>{"keyword"=>{"type"=>"keyword", "ignore_above"=>256}}}}}], "properties"=>{"@timestamp"=>{"type"=>"date", "include_in_all"=>false}, "@version"=>{"type"=>"keyword", "include_in_all"=>false}, "geoip"=>{"dynamic"=>true, "properties"=>{"ip"=>{"type"=>"ip"}, "location"=>{"type"=>"geo_point"}, "latitude"=>{"type"=>"half_float"}, "longitude"=>{"type"=>"half_float"}}}}}}}}
[2017-07-21T11:39:54,659][INFO ][logstash.outputs.elasticsearch] New Elasticsearch output {:class=>"LogStash::Outputs::ElasticSearch", :hosts=>[#<Java::JavaNet::URI:0x5f2a122d>]}
[2017-07-21T11:39:54,664][INFO ][logstash.pipeline        ] Starting pipeline {"id"=>"main", "pipeline.workers"=>1, "pipeline.batch.size"=>125, "pipeline.batch.delay"=>5, "pipeline.max_inflight"=>125}
[2017-07-21T11:39:55,131][INFO ][logstash.pipeline        ] Pipeline main started
[2017-07-21T11:39:55,347][INFO ][logstash.agent           ] Successfully started Logstash API endpoint {:port=>9600}
[2017-07-21T11:54:03,951][WARN ][logstash.runner          ] SIGINT received. Shutting down the agent.
[2017-07-21T11:54:04,017][WARN ][logstash.agent           ] stopping pipeline {:id=>"main"}
[2017-07-21T11:54:26,631][INFO ][logstash.outputs.elasticsearch] Elasticsearch pool URLs updated {:changes=>{:removed=>[], :added=>[http://localhost:9200/]}}
[2017-07-21T11:54:26,642][INFO ][logstash.outputs.elasticsearch] Running health check to see if an Elasticsearch connection is working {:healthcheck_url=>http://localhost:9200/, :path=>"/"}
[2017-07-21T11:54:26,817][WARN ][logstash.outputs.elasticsearch] Restored connection to ES instance {:url=>#<Java::JavaNet::URI:0x293b3a96>}
[2017-07-21T11:54:26,820][INFO ][logstash.outputs.elasticsearch] Using mapping template from {:path=>nil}
[2017-07-21T11:54:26,902][INFO ][logstash.outputs.elasticsearch] Attempting to install template {:manage_template=>{"template"=>"logstash-*", "version"=>50001, "settings"=>{"index.refresh_interval"=>"5s"}, "mappings"=>{"_default_"=>{"_all"=>{"enabled"=>true, "norms"=>false}, "dynamic_templates"=>[{"message_field"=>{"path_match"=>"message", "match_mapping_type"=>"string", "mapping"=>{"type"=>"text", "norms"=>false}}}, {"string_fields"=>{"match"=>"*", "match_mapping_type"=>"string", "mapping"=>{"type"=>"text", "norms"=>false, "fields"=>{"keyword"=>{"type"=>"keyword", "ignore_above"=>256}}}}}], "properties"=>{"@timestamp"=>{"type"=>"date", "include_in_all"=>false}, "@version"=>{"type"=>"keyword", "include_in_all"=>false}, "geoip"=>{"dynamic"=>true, "properties"=>{"ip"=>{"type"=>"ip"}, "location"=>{"type"=>"geo_point"}, "latitude"=>{"type"=>"half_float"}, "longitude"=>{"type"=>"half_float"}}}}}}}}
[2017-07-21T11:54:26,915][INFO ][logstash.outputs.elasticsearch] New Elasticsearch output {:class=>"LogStash::Outputs::ElasticSearch", :hosts=>[#<Java::JavaNet::URI:0x2bbfe3b5>]}
[2017-07-21T11:54:26,920][INFO ][logstash.pipeline        ] Starting pipeline {"id"=>"main", "pipeline.workers"=>1, "pipeline.batch.size"=>125, "pipeline.batch.delay"=>5, "pipeline.max_inflight"=>125}
[2017-07-21T11:54:27,201][INFO ][logstash.pipeline        ] Pipeline main started
[2017-07-21T11:54:27,298][INFO ][logstash.agent           ] Successfully started Logstash API endpoint {:port=>9600}
[2017-07-21T11:58:44,531][WARN ][logstash.codecs.plain    ] Received an event that has a different character encoding than you configured. {:text=>"M|\\xB6}\\xA5\\xDF|UZ63412076|20170703|28996034|\\xA5\\xFE\\xAEa\\xABK\\xA7Q\\xB0ө\\xB1\\xAAѥ\\xF7\\xA6\\xB3\\xAD\\xAD\\xA4\\xBD\\xA5q\\xA5x\\xA4\\xA4\\xA4\\xF4\\xB4\\xBA\\xA4\\xC0\\xA4\\xBD\\xA5q|\\xA4\\xE2\\xBE\\xF7\\xB1\\xF8\\xBDX|/VE6VNKQ|59|", :expected_charset=>"UTF-8"}
[2017-07-21T11:58:44,647][WARN ][logstash.codecs.plain    ] Received an event that has a different character encoding than you configured. {:text=>"D|UZ63412076|38.0000000|\\xA4j\\xA4f\\xAAk\\xAD\\xBB\\xAFN\\xC2\\xFB\\xB6\\xBA\\xC4{|", :expected_charset=>"UTF-8"}
[2017-07-21T11:58:44,658][WARN ][logstash.codecs.plain    ] Received an event that has a different character encoding than you configured. {:text=>"D|UZ63412076|35.0000000|\\xAFS\\xBF@\\xA9ٯ\\xF9\\xAE\\xB3\\xC5K|", :expected_charset=>"UTF-8"}
[2017-07-21T11:58:44,672][WARN ][logstash.codecs.plain    ] Received an event that has a different character encoding than you configured. {:text=>"D|UZ63412076|-14.0000000|\\xC2A\\xAD\\xB9\\xABP|", :expected_charset=>"UTF-8"}
[2017-07-21T11:58:45,164][WARN ][logstash.codecs.plain    ] Received an event that has a different character encoding than you configured. {:text=>"M|\\xB6}\\xA5\\xDF|UZ16470845|20170703|25351214|\\xA5\\xFE\\xAEa\\xABK\\xA7Q\\xB0ө\\xB1\\xAAѥ\\xF7\\xA6\\xB3\\xAD\\xAD\\xA4\\xBD\\xA5q\\xA5x\\xA4\\xA4\\xA4\\xA4\\xBF\\xB3\\xAA\\xF9\\xA5\\xAB\\xB3\\xA1|\\xA4\\xE2\\xBE\\xF7\\xB1\\xF8\\xBDX|/VE6VNKQ|75|", :expected_charset=>"UTF-8"}
[2017-07-21T11:58:45,180][WARN ][logstash.codecs.plain    ] Received an event that has a different character encoding than you configured. {:text=>"D|UZ16470845|75.0000000|\\xAC\\xBD\\xB9\\xA1þ\\xB8z\\xA6\\xD7\\xC2\\xE6\\xB8q\\xA4j\\xA7Q\\xC4\\xD1|", :expected_charset=>"UTF-8"}
[2017-07-21T11:58:45,187][WARN ][logstash.codecs.plain    ] Received an event that has a different character encoding than you configured. {:text=>"M|\\xB6}\\xA5\\xDF|VT78929349|20170702|27365925|\\xB4I\\xA8\\xB9\\xB4C\\xC5\\xE9\\xAC\\xEC\\xA7ުѥ\\xF7\\xA6\\xB3\\xAD\\xAD\\xA4\\xBD\\xA5q|\\xA4\\xE2\\xBE\\xF7\\xB1\\xF8\\xBDX|/VE6VNKQ|638|", :expected_charset=>"UTF-8"}
[2017-07-21T11:58:45,199][WARN ][logstash.codecs.plain    ] Received an event that has a different character encoding than you configured. {:text=>"D|VT78929349|269.0000000|\\xA1i\\xB2\\u05F5\\xB4\\xC3Ʈa\\xA1j\\xBB\\xB4\\xC3P\\xC2I\\xBF\\xC2\\xC3Ƶ\\xB4(5G)|", :expected_charset=>"UTF-8"}
[2017-07-21T11:58:45,352][WARN ][logstash.codecs.plain    ] Received an event that has a different character encoding than you configured. {:text=>"D|VT78929349|99.0000000|\\xA1i\\xB0Ҩq\\xB9p\\xB4\\xB0 Acnes\\xA1j \\xC3ĥΧܵk\\xAC\\xFC\\xA5լ~\\xAD\\xB1\\xA8\\xC5  100g(M)|", :expected_charset=>"UTF-8"}
[2017-07-21T11:58:45,360][WARN ][logstash.codecs.plain    ] Received an event that has a different character encoding than you configured. {:text=>"D|VT78929349|270.0000000|\\xA1i\\xBCw\\xAE\\xA6\\xA9`\\xA1j\\xB2`\\xBCh\\xBC\\xE4\\xB2b\\xBA\\xA4\\xA4f\\xA4\\xF4(1000ml)|", :expected_charset=>"UTF-8"}
[2017-07-21T11:58:45,371][WARN ][logstash.codecs.plain    ] Received an event that has a different character encoding than you configured. {:text=>"M|\\xB6}\\xA5\\xDF|UZ72758949|20170703|70827671|\\xA5\\xFE\\xAEa\\xABK\\xA7Q\\xB0ө\\xB1\\xAAѥ\\xF7\\xA6\\xB3\\xAD\\xAD\\xA4\\xBD\\xA5q\\xA5x\\xA4\\xA4\\xBF\\xB3\\xA4j\\xA4\\xC0\\xA4\\xBD\\xA5q|\\xA4\\xE2\\xBE\\xF7\\xB1\\xF8\\xBDX|/VE6VNKQ|45|", :expected_charset=>"UTF-8"}
[2017-07-21T11:58:45,385][WARN ][logstash.codecs.plain    ] Received an event that has a different character encoding than you configured. {:text=>"D|UZ72758949|50.0000000|\\xB5ζ]\\xB9B\\xB0ʶ\\xBC\\xAEƢޢӢ\\xE2|", :expected_charset=>"UTF-8"}
[2017-07-21T11:58:45,525][WARN ][logstash.codecs.plain    ] Received an event that has a different character encoding than you configured. {:text=>"D|UZ72758949|-5.0000000|\\xA9\\xE2\\xA9\\xE2\\xBC֢\\xB7\\xA7\\xE9\\xABP|", :expected_charset=>"UTF-8"}
[2017-07-21T11:58:45,532][WARN ][logstash.codecs.plain    ] Received an event that has a different character encoding than you configured. {:text=>"M|\\xB6}\\xA5\\xDF|VG23004474|20170706|22819878|\\xBF\\xB3\\xA4j|\\xA4\\xE2\\xBE\\xF7\\xB1\\xF8\\xBDX|/VE6VNKQ|39|", :expected_charset=>"UTF-8"}
[2017-07-21T11:58:45,541][WARN ][logstash.codecs.plain    ] Received an event that has a different character encoding than you configured. {:text=>"D|VG23004474|20.0000000|\\xB2Τ@\\xB6\\xA7\\xA5\\xFA\\xC1W\\xA6̼\\xDF450ml(\\xB2\\xB0)|", :expected_charset=>"UTF-8"}
[2017-07-21T11:58:45,622][WARN ][logstash.codecs.plain    ] Received an event that has a different character encoding than you configured. {:text=>"D|VG23004474|25.0000000|\\xAE\\xE7\\xA4쭷\\xA8\\xFD\\xC2t\\xC2\\xFB\\xB6\\xBA\\xC4{|", :expected_charset=>"UTF-8"}
[2017-07-21T11:58:45,625][WARN ][logstash.codecs.plain    ] Received an event that has a different character encoding than you configured. {:text=>"D|VG23004474|-6.0000000|39\\xA4\\xB8\\xB6W\\xADȲզX7/5-7/18*03MD*|", :expected_charset=>"UTF-8"}
[2017-07-21T11:58:45,635][WARN ][logstash.codecs.plain    ] Received an event that has a different character encoding than you configured. {:text=>"M|\\xB6}\\xA5\\xDF|UZ63416593|20170709|28996034|\\xA5\\xFE\\xAEa\\xABK\\xA7Q\\xB0ө\\xB1\\xAAѥ\\xF7\\xA6\\xB3\\xAD\\xAD\\xA4\\xBD\\xA5q\\xA5x\\xA4\\xA4\\xA4\\xF4\\xB4\\xBA\\xA4\\xC0\\xA4\\xBD\\xA5q|\\xA4\\xE2\\xBE\\xF7\\xB1\\xF8\\xBDX|/VE6VNKQ|70|", :expected_charset=>"UTF-8"}
[2017-07-21T11:58:45,648][WARN ][logstash.codecs.plain    ] Received an event that has a different character encoding than you configured. {:text=>"D|UZ63416593|70.0000000|\\xAE\\xF5\\xA6\\xA1\\xBA\\xF1\\xA9@\\xAD\\xF9\\xC2\\xFB\\xB6\\xBA|", :expected_charset=>"UTF-8"}
[2017-07-21T11:58:45,791][WARN ][logstash.codecs.plain    ] Received an event that has a different character encoding than you configured. {:text=>"M|\\xB6}\\xA5\\xDF|UZ63419622|20170714|28996034|\\xA5\\xFE\\xAEa\\xABK\\xA7Q\\xB0ө\\xB1\\xAAѥ\\xF7\\xA6\\xB3\\xAD\\xAD\\xA4\\xBD\\xA5q\\xA5x\\xA4\\xA4\\xA4\\xF4\\xB4\\xBA\\xA4\\xC0\\xA4\\xBD\\xA5q|\\xA4\\xE2\\xBE\\xF7\\xB1\\xF8\\xBDX|/VE6VNKQ|180|", :expected_charset=>"UTF-8"}
[2017-07-21T11:58:45,800][WARN ][logstash.codecs.plain    ] Received an event that has a different character encoding than you configured. {:text=>"D|UZ63419622|180.0000000|\\xA5N\\xBEP\\xA7Y\\xA4\\xA4\\xB5عq\\xABH\\xB9w\\xA5I\\xA5d|", :expected_charset=>"UTF-8"}
[2017-07-21T12:05:50,945][WARN ][logstash.runner          ] SIGINT received. Shutting down the agent.
[2017-07-21T12:05:50,988][WARN ][logstash.agent           ] stopping pipeline {:id=>"main"}
[2017-07-21T12:10:47,580][INFO ][logstash.outputs.elasticsearch] Elasticsearch pool URLs updated {:changes=>{:removed=>[], :added=>[http://localhost:9200/]}}
[2017-07-21T12:10:47,593][INFO ][logstash.outputs.elasticsearch] Running health check to see if an Elasticsearch connection is working {:healthcheck_url=>http://localhost:9200/, :path=>"/"}
[2017-07-21T12:10:47,793][WARN ][logstash.outputs.elasticsearch] Restored connection to ES instance {:url=>#<Java::JavaNet::URI:0x5172b454>}
[2017-07-21T12:10:47,803][INFO ][logstash.outputs.elasticsearch] Using mapping template from {:path=>nil}
[2017-07-21T12:10:47,906][INFO ][logstash.outputs.elasticsearch] Attempting to install template {:manage_template=>{"template"=>"logstash-*", "version"=>50001, "settings"=>{"index.refresh_interval"=>"5s"}, "mappings"=>{"_default_"=>{"_all"=>{"enabled"=>true, "norms"=>false}, "dynamic_templates"=>[{"message_field"=>{"path_match"=>"message", "match_mapping_type"=>"string", "mapping"=>{"type"=>"text", "norms"=>false}}}, {"string_fields"=>{"match"=>"*", "match_mapping_type"=>"string", "mapping"=>{"type"=>"text", "norms"=>false, "fields"=>{"keyword"=>{"type"=>"keyword", "ignore_above"=>256}}}}}], "properties"=>{"@timestamp"=>{"type"=>"date", "include_in_all"=>false}, "@version"=>{"type"=>"keyword", "include_in_all"=>false}, "geoip"=>{"dynamic"=>true, "properties"=>{"ip"=>{"type"=>"ip"}, "location"=>{"type"=>"geo_point"}, "latitude"=>{"type"=>"half_float"}, "longitude"=>{"type"=>"half_float"}}}}}}}}
[2017-07-21T12:10:47,922][INFO ][logstash.outputs.elasticsearch] New Elasticsearch output {:class=>"LogStash::Outputs::ElasticSearch", :hosts=>[#<Java::JavaNet::URI:0x23353e37>]}
[2017-07-21T12:10:47,929][INFO ][logstash.pipeline        ] Starting pipeline {"id"=>"main", "pipeline.workers"=>1, "pipeline.batch.size"=>125, "pipeline.batch.delay"=>5, "pipeline.max_inflight"=>125}
[2017-07-21T12:10:48,335][INFO ][logstash.pipeline        ] Pipeline main started
[2017-07-21T12:10:48,637][INFO ][logstash.agent           ] Successfully started Logstash API endpoint {:port=>9600}
[2017-07-21T12:10:48,639][WARN ][logstash.filters.csv     ] Error parsing csv {:field=>"message", :source=>"\"Last name\", \"First name\", \"SSN\",        \"Test1\", \"Test2\", \"Test3\", \"Test4\", \"Final\", \"Grade\"", :exception=>#<CSV::MalformedCSVError: Illegal quoting in line 1.>}
[2017-07-21T12:10:48,659][WARN ][logstash.filters.csv     ] Error parsing csv {:field=>"message", :source=>"\"Alfalfa\",   \"Aloysius\",   \"123-45-6789\", 40.0,    90.0,   100.0,    83.0,    49.0,   \"D-\"", :exception=>#<CSV::MalformedCSVError: Illegal quoting in line 1.>}
[2017-07-21T12:10:48,674][WARN ][logstash.filters.csv     ] Error parsing csv {:field=>"message", :source=>"\"Alfred\",    \"University\", \"123-12-1234\", 41.0,    97.0,    96.0,    97.0,    48.0,   \"D+\"", :exception=>#<CSV::MalformedCSVError: Illegal quoting in line 1.>}
[2017-07-21T12:10:48,691][WARN ][logstash.filters.csv     ] Error parsing csv {:field=>"message", :source=>"\"Gerty\",     \"Gramma\",     \"567-89-0123\", 41.0,    80.0,    60.0,    40.0,    44.0,   \"C\"", :exception=>#<CSV::MalformedCSVError: Illegal quoting in line 1.>}
[2017-07-21T12:10:48,696][WARN ][logstash.filters.csv     ] Error parsing csv {:field=>"message", :source=>"\"Android\",   \"Electric\",   \"087-65-4321\", 42.0,    23.0,    36.0,    45.0,    47.0,   \"B-\"", :exception=>#<CSV::MalformedCSVError: Illegal quoting in line 1.>}
[2017-07-21T12:10:48,707][WARN ][logstash.filters.csv     ] Error parsing csv {:field=>"message", :source=>"\"Bumpkin\",   \"Fred\",       \"456-78-9012\", 43.0,    78.0,    88.0,    77.0,    45.0,   \"A-\"", :exception=>#<CSV::MalformedCSVError: Illegal quoting in line 1.>}
[2017-07-21T12:10:48,719][WARN ][logstash.filters.csv     ] Error parsing csv {:field=>"message", :source=>"\"Rubble\",    \"Betty\",      \"234-56-7890\", 44.0,    90.0,    80.0,    90.0,    46.0,   \"C-\"", :exception=>#<CSV::MalformedCSVError: Illegal quoting in line 1.>}
[2017-07-21T12:10:48,730][WARN ][logstash.filters.csv     ] Error parsing csv {:field=>"message", :source=>"\"Noshow\",    \"Cecil\",      \"345-67-8901\", 45.0,    11.0,    -1.0,     4.0,    43.0,   \"F\"", :exception=>#<CSV::MalformedCSVError: Illegal quoting in line 1.>}
[2017-07-21T12:10:48,732][WARN ][logstash.filters.csv     ] Error parsing csv {:field=>"message", :source=>"\"Buff\",      \"Bif\",        \"632-79-9939\", 46.0,    20.0,    30.0,    40.0,    50.0,   \"B+\"", :exception=>#<CSV::MalformedCSVError: Illegal quoting in line 1.>}
[2017-07-21T12:10:48,745][WARN ][logstash.filters.csv     ] Error parsing csv {:field=>"message", :source=>"\"Airpump\",   \"Andrew\",     \"223-45-6789\", 49.0      1.0,    90.0,   100.0,    83.0,   \"A\"", :exception=>#<CSV::MalformedCSVError: Illegal quoting in line 1.>}
[2017-07-21T12:10:48,758][WARN ][logstash.filters.csv     ] Error parsing csv {:field=>"message", :source=>"\"Backus\",    \"Jim\",        \"143-12-1234\", 48.0,     1.0,    97.0,    96.0,    97.0,   \"A+\"", :exception=>#<CSV::MalformedCSVError: Illegal quoting in line 1.>}
[2017-07-21T12:10:49,514][WARN ][logstash.filters.csv     ] Error parsing csv {:field=>"message", :source=>"\"Carnivore\", \"Art\",        \"565-89-0123\", 44.0,     1.0,    80.0,    60.0,    40.0,   \"D+\"", :exception=>#<CSV::MalformedCSVError: Illegal quoting in line 1.>}
[2017-07-21T12:10:49,516][WARN ][logstash.filters.csv     ] Error parsing csv {:field=>"message", :source=>"\"Dandy\",     \"Jim\",        \"087-75-4321\", 47.0,     1.0,    23.0,    36.0,    45.0,   \"C+\"", :exception=>#<CSV::MalformedCSVError: Illegal quoting in line 1.>}
[2017-07-21T12:10:49,520][WARN ][logstash.filters.csv     ] Error parsing csv {:field=>"message", :source=>"\"Elephant\",  \"Ima\",        \"456-71-9012\", 45.0,     1.0,    78.0,    88.0,    77.0,   \"B-\"", :exception=>#<CSV::MalformedCSVError: Illegal quoting in line 1.>}
[2017-07-21T12:10:49,536][WARN ][logstash.filters.csv     ] Error parsing csv {:field=>"message", :source=>"\"Franklin\",  \"Benny\",      \"234-56-2890\", 50.0,     1.0,    90.0,    80.0,    90.0,   \"B-\"", :exception=>#<CSV::MalformedCSVError: Illegal quoting in line 1.>}
[2017-07-21T12:10:49,539][WARN ][logstash.filters.csv     ] Error parsing csv {:field=>"message", :source=>"\"George\",    \"Boy\",        \"345-67-3901\", 40.0,     1.0,    11.0,    -1.0,     4.0,   \"B\"", :exception=>#<CSV::MalformedCSVError: Illegal quoting in line 1.>}
[2017-07-21T12:11:38,007][WARN ][logstash.runner          ] SIGINT received. Shutting down the agent.
[2017-07-21T12:11:38,080][WARN ][logstash.agent           ] stopping pipeline {:id=>"main"}
[2017-07-21T12:14:45,732][INFO ][logstash.outputs.elasticsearch] Elasticsearch pool URLs updated {:changes=>{:removed=>[], :added=>[http://localhost:9200/]}}
[2017-07-21T12:14:45,748][INFO ][logstash.outputs.elasticsearch] Running health check to see if an Elasticsearch connection is working {:healthcheck_url=>http://localhost:9200/, :path=>"/"}
[2017-07-21T12:14:45,926][WARN ][logstash.outputs.elasticsearch] Restored connection to ES instance {:url=>#<Java::JavaNet::URI:0x1806941a>}
[2017-07-21T12:14:45,934][INFO ][logstash.outputs.elasticsearch] Using mapping template from {:path=>nil}
[2017-07-21T12:14:46,078][INFO ][logstash.outputs.elasticsearch] Attempting to install template {:manage_template=>{"template"=>"logstash-*", "version"=>50001, "settings"=>{"index.refresh_interval"=>"5s"}, "mappings"=>{"_default_"=>{"_all"=>{"enabled"=>true, "norms"=>false}, "dynamic_templates"=>[{"message_field"=>{"path_match"=>"message", "match_mapping_type"=>"string", "mapping"=>{"type"=>"text", "norms"=>false}}}, {"string_fields"=>{"match"=>"*", "match_mapping_type"=>"string", "mapping"=>{"type"=>"text", "norms"=>false, "fields"=>{"keyword"=>{"type"=>"keyword", "ignore_above"=>256}}}}}], "properties"=>{"@timestamp"=>{"type"=>"date", "include_in_all"=>false}, "@version"=>{"type"=>"keyword", "include_in_all"=>false}, "geoip"=>{"dynamic"=>true, "properties"=>{"ip"=>{"type"=>"ip"}, "location"=>{"type"=>"geo_point"}, "latitude"=>{"type"=>"half_float"}, "longitude"=>{"type"=>"half_float"}}}}}}}}
[2017-07-21T12:14:46,097][INFO ][logstash.outputs.elasticsearch] New Elasticsearch output {:class=>"LogStash::Outputs::ElasticSearch", :hosts=>[#<Java::JavaNet::URI:0x14edf4>]}
[2017-07-21T12:14:46,099][INFO ][logstash.pipeline        ] Starting pipeline {"id"=>"main", "pipeline.workers"=>1, "pipeline.batch.size"=>125, "pipeline.batch.delay"=>5, "pipeline.max_inflight"=>125}
[2017-07-21T12:14:46,472][INFO ][logstash.pipeline        ] Pipeline main started
[2017-07-21T12:14:46,607][INFO ][logstash.agent           ] Successfully started Logstash API endpoint {:port=>9600}
[2017-07-21T12:14:46,604][WARN ][logstash.filters.csv     ] Error parsing csv {:field=>"message", :source=>"\"Last name\", \"First name\", \"SSN\",        \"Test1\", \"Test2\", \"Test3\", \"Test4\", \"Final\", \"Grade\"", :exception=>#<CSV::MalformedCSVError: Illegal quoting in line 1.>}
[2017-07-21T12:14:46,624][WARN ][logstash.filters.csv     ] Error parsing csv {:field=>"message", :source=>"\"Alfalfa\",   \"Aloysius\",   \"123-45-6789\", 40.0,    90.0,   100.0,    83.0,    49.0,   \"D-\"", :exception=>#<CSV::MalformedCSVError: Illegal quoting in line 1.>}
[2017-07-21T12:14:46,636][WARN ][logstash.filters.csv     ] Error parsing csv {:field=>"message", :source=>"\"Alfred\",    \"University\", \"123-12-1234\", 41.0,    97.0,    96.0,    97.0,    48.0,   \"D+\"", :exception=>#<CSV::MalformedCSVError: Illegal quoting in line 1.>}
[2017-07-21T12:14:46,648][WARN ][logstash.filters.csv     ] Error parsing csv {:field=>"message", :source=>"\"Gerty\",     \"Gramma\",     \"567-89-0123\", 41.0,    80.0,    60.0,    40.0,    44.0,   \"C\"", :exception=>#<CSV::MalformedCSVError: Illegal quoting in line 1.>}
[2017-07-21T12:14:46,659][WARN ][logstash.filters.csv     ] Error parsing csv {:field=>"message", :source=>"\"Android\",   \"Electric\",   \"087-65-4321\", 42.0,    23.0,    36.0,    45.0,    47.0,   \"B-\"", :exception=>#<CSV::MalformedCSVError: Illegal quoting in line 1.>}
[2017-07-21T12:14:47,291][WARN ][logstash.filters.csv     ] Error parsing csv {:field=>"message", :source=>"\"Bumpkin\",   \"Fred\",       \"456-78-9012\", 43.0,    78.0,    88.0,    77.0,    45.0,   \"A-\"", :exception=>#<CSV::MalformedCSVError: Illegal quoting in line 1.>}
[2017-07-21T12:14:47,304][WARN ][logstash.filters.csv     ] Error parsing csv {:field=>"message", :source=>"\"Rubble\",    \"Betty\",      \"234-56-7890\", 44.0,    90.0,    80.0,    90.0,    46.0,   \"C-\"", :exception=>#<CSV::MalformedCSVError: Illegal quoting in line 1.>}
[2017-07-21T12:14:47,323][WARN ][logstash.filters.csv     ] Error parsing csv {:field=>"message", :source=>"\"Noshow\",    \"Cecil\",      \"345-67-8901\", 45.0,    11.0,    -1.0,     4.0,    43.0,   \"F\"", :exception=>#<CSV::MalformedCSVError: Illegal quoting in line 1.>}
[2017-07-21T12:14:47,341][WARN ][logstash.filters.csv     ] Error parsing csv {:field=>"message", :source=>"\"Buff\",      \"Bif\",        \"632-79-9939\", 46.0,    20.0,    30.0,    40.0,    50.0,   \"B+\"", :exception=>#<CSV::MalformedCSVError: Illegal quoting in line 1.>}
[2017-07-21T12:14:47,359][WARN ][logstash.filters.csv     ] Error parsing csv {:field=>"message", :source=>"\"Airpump\",   \"Andrew\",     \"223-45-6789\", 49.0      1.0,    90.0,   100.0,    83.0,   \"A\"", :exception=>#<CSV::MalformedCSVError: Illegal quoting in line 1.>}
[2017-07-21T12:14:47,385][WARN ][logstash.filters.csv     ] Error parsing csv {:field=>"message", :source=>"\"Backus\",    \"Jim\",        \"143-12-1234\", 48.0,     1.0,    97.0,    96.0,    97.0,   \"A+\"", :exception=>#<CSV::MalformedCSVError: Illegal quoting in line 1.>}
[2017-07-21T12:14:47,407][WARN ][logstash.filters.csv     ] Error parsing csv {:field=>"message", :source=>"\"Carnivore\", \"Art\",        \"565-89-0123\", 44.0,     1.0,    80.0,    60.0,    40.0,   \"D+\"", :exception=>#<CSV::MalformedCSVError: Illegal quoting in line 1.>}
[2017-07-21T12:14:47,720][WARN ][logstash.filters.csv     ] Error parsing csv {:field=>"message", :source=>"\"Dandy\",     \"Jim\",        \"087-75-4321\", 47.0,     1.0,    23.0,    36.0,    45.0,   \"C+\"", :exception=>#<CSV::MalformedCSVError: Illegal quoting in line 1.>}
[2017-07-21T12:14:47,726][WARN ][logstash.filters.csv     ] Error parsing csv {:field=>"message", :source=>"\"Elephant\",  \"Ima\",        \"456-71-9012\", 45.0,     1.0,    78.0,    88.0,    77.0,   \"B-\"", :exception=>#<CSV::MalformedCSVError: Illegal quoting in line 1.>}
[2017-07-21T12:14:47,764][WARN ][logstash.filters.csv     ] Error parsing csv {:field=>"message", :source=>"\"Franklin\",  \"Benny\",      \"234-56-2890\", 50.0,     1.0,    90.0,    80.0,    90.0,   \"B-\"", :exception=>#<CSV::MalformedCSVError: Illegal quoting in line 1.>}
[2017-07-21T12:14:47,776][WARN ][logstash.filters.csv     ] Error parsing csv {:field=>"message", :source=>"\"George\",    \"Boy\",        \"345-67-3901\", 40.0,     1.0,    11.0,    -1.0,     4.0,   \"B\"", :exception=>#<CSV::MalformedCSVError: Illegal quoting in line 1.>}
[2017-07-21T12:14:47,806][WARN ][logstash.filters.csv     ] Error parsing csv {:field=>"message", :source=>"\"Heffalump\", \"Harvey\",     \"632-79-9439\", 30.0,     1.0,    20.0,    30.0,    40.0,   \"C\"", :exception=>#<CSV::MalformedCSVError: Illegal quoting in line 1.>}
[2017-07-21T12:17:13,715][WARN ][logstash.runner          ] SIGINT received. Shutting down the agent.
[2017-07-21T12:17:13,791][WARN ][logstash.agent           ] stopping pipeline {:id=>"main"}
[2017-07-21T12:17:35,752][ERROR][logstash.agent           ] Cannot create pipeline {:reason=>"Expected one of #, { at line 15, column 10 (byte 372) after filter {\n  csv {\n      separator => \",\"\n#Date,Open,High,Low,Close,Volume (BTC),Volume (Currency),Weighted Price\n     columns => [\"Last name\", \"First name\", \"SSN\", \"Test1\", \"Test2\", \"Test3\", \"Test4\", \"Final\", \"Grade\"]\n  }\n\n    gsub "}
[2017-07-21T12:18:33,383][ERROR][logstash.agent           ] Cannot create pipeline {:reason=>"Expected one of #, { at line 15, column 10 (byte 372) after filter {\n  csv {\n      separator => \",\"\n#Date,Open,High,Low,Close,Volume (BTC),Volume (Currency),Weighted Price\n     columns => [\"Last name\", \"First name\", \"SSN\", \"Test1\", \"Test2\", \"Test3\", \"Test4\", \"Final\", \"Grade\"]\n  }\n\n    gsub "}
[2017-07-21T12:20:30,018][INFO ][logstash.outputs.elasticsearch] Elasticsearch pool URLs updated {:changes=>{:removed=>[], :added=>[http://localhost:9200/]}}
[2017-07-21T12:20:30,035][INFO ][logstash.outputs.elasticsearch] Running health check to see if an Elasticsearch connection is working {:healthcheck_url=>http://localhost:9200/, :path=>"/"}
[2017-07-21T12:20:30,248][WARN ][logstash.outputs.elasticsearch] Restored connection to ES instance {:url=>#<Java::JavaNet::URI:0x72e59f9a>}
[2017-07-21T12:20:30,251][INFO ][logstash.outputs.elasticsearch] Using mapping template from {:path=>nil}
[2017-07-21T12:20:30,342][INFO ][logstash.outputs.elasticsearch] Attempting to install template {:manage_template=>{"template"=>"logstash-*", "version"=>50001, "settings"=>{"index.refresh_interval"=>"5s"}, "mappings"=>{"_default_"=>{"_all"=>{"enabled"=>true, "norms"=>false}, "dynamic_templates"=>[{"message_field"=>{"path_match"=>"message", "match_mapping_type"=>"string", "mapping"=>{"type"=>"text", "norms"=>false}}}, {"string_fields"=>{"match"=>"*", "match_mapping_type"=>"string", "mapping"=>{"type"=>"text", "norms"=>false, "fields"=>{"keyword"=>{"type"=>"keyword", "ignore_above"=>256}}}}}], "properties"=>{"@timestamp"=>{"type"=>"date", "include_in_all"=>false}, "@version"=>{"type"=>"keyword", "include_in_all"=>false}, "geoip"=>{"dynamic"=>true, "properties"=>{"ip"=>{"type"=>"ip"}, "location"=>{"type"=>"geo_point"}, "latitude"=>{"type"=>"half_float"}, "longitude"=>{"type"=>"half_float"}}}}}}}}
[2017-07-21T12:20:30,364][INFO ][logstash.outputs.elasticsearch] New Elasticsearch output {:class=>"LogStash::Outputs::ElasticSearch", :hosts=>[#<Java::JavaNet::URI:0x58d4c35b>]}
[2017-07-21T12:20:30,373][INFO ][logstash.pipeline        ] Starting pipeline {"id"=>"main", "pipeline.workers"=>1, "pipeline.batch.size"=>125, "pipeline.batch.delay"=>5, "pipeline.max_inflight"=>125}
[2017-07-21T12:20:30,706][INFO ][logstash.pipeline        ] Pipeline main started
[2017-07-21T12:20:30,844][INFO ][logstash.agent           ] Successfully started Logstash API endpoint {:port=>9600}
[2017-07-21T12:20:30,873][WARN ][logstash.filters.csv     ] Error parsing csv {:field=>"message", :source=>"\"Last name\", \"First name\", \"SSN\",        \"Test1\", \"Test2\", \"Test3\", \"Test4\", \"Final\", \"Grade\"", :exception=>#<CSV::MalformedCSVError: Illegal quoting in line 1.>}
[2017-07-21T12:20:30,892][WARN ][logstash.filters.csv     ] Error parsing csv {:field=>"message", :source=>"\"Alfalfa\",   \"Aloysius\",   \"123-45-6789\", 40.0,    90.0,   100.0,    83.0,    49.0,   \"D-\"", :exception=>#<CSV::MalformedCSVError: Illegal quoting in line 1.>}
[2017-07-21T12:20:30,901][WARN ][logstash.filters.csv     ] Error parsing csv {:field=>"message", :source=>"\"Alfred\",    \"University\", \"123-12-1234\", 41.0,    97.0,    96.0,    97.0,    48.0,   \"D+\"", :exception=>#<CSV::MalformedCSVError: Illegal quoting in line 1.>}
[2017-07-21T12:20:30,904][WARN ][logstash.filters.csv     ] Error parsing csv {:field=>"message", :source=>"\"Gerty\",     \"Gramma\",     \"567-89-0123\", 41.0,    80.0,    60.0,    40.0,    44.0,   \"C\"", :exception=>#<CSV::MalformedCSVError: Illegal quoting in line 1.>}
[2017-07-21T12:20:30,919][WARN ][logstash.filters.csv     ] Error parsing csv {:field=>"message", :source=>"\"Android\",   \"Electric\",   \"087-65-4321\", 42.0,    23.0,    36.0,    45.0,    47.0,   \"B-\"", :exception=>#<CSV::MalformedCSVError: Illegal quoting in line 1.>}
[2017-07-21T12:20:30,925][WARN ][logstash.filters.csv     ] Error parsing csv {:field=>"message", :source=>"\"Bumpkin\",   \"Fred\",       \"456-78-9012\", 43.0,    78.0,    88.0,    77.0,    45.0,   \"A-\"", :exception=>#<CSV::MalformedCSVError: Illegal quoting in line 1.>}
[2017-07-21T12:20:30,946][WARN ][logstash.filters.csv     ] Error parsing csv {:field=>"message", :source=>"\"Rubble\",    \"Betty\",      \"234-56-7890\", 44.0,    90.0,    80.0,    90.0,    46.0,   \"C-\"", :exception=>#<CSV::MalformedCSVError: Illegal quoting in line 1.>}
[2017-07-21T12:20:30,949][WARN ][logstash.filters.csv     ] Error parsing csv {:field=>"message", :source=>"\"Noshow\",    \"Cecil\",      \"345-67-8901\", 45.0,    11.0,    -1.0,     4.0,    43.0,   \"F\"", :exception=>#<CSV::MalformedCSVError: Illegal quoting in line 1.>}
[2017-07-21T12:20:30,956][WARN ][logstash.filters.csv     ] Error parsing csv {:field=>"message", :source=>"\"Buff\",      \"Bif\",        \"632-79-9939\", 46.0,    20.0,    30.0,    40.0,    50.0,   \"B+\"", :exception=>#<CSV::MalformedCSVError: Illegal quoting in line 1.>}
[2017-07-21T12:20:30,964][WARN ][logstash.filters.csv     ] Error parsing csv {:field=>"message", :source=>"\"Airpump\",   \"Andrew\",     \"223-45-6789\", 49.0      1.0,    90.0,   100.0,    83.0,   \"A\"", :exception=>#<CSV::MalformedCSVError: Illegal quoting in line 1.>}
[2017-07-21T12:20:30,979][WARN ][logstash.filters.csv     ] Error parsing csv {:field=>"message", :source=>"\"Backus\",    \"Jim\",        \"143-12-1234\", 48.0,     1.0,    97.0,    96.0,    97.0,   \"A+\"", :exception=>#<CSV::MalformedCSVError: Illegal quoting in line 1.>}
[2017-07-21T12:20:31,171][WARN ][logstash.filters.csv     ] Error parsing csv {:field=>"message", :source=>"\"Carnivore\", \"Art\",        \"565-89-0123\", 44.0,     1.0,    80.0,    60.0,    40.0,   \"D+\"", :exception=>#<CSV::MalformedCSVError: Illegal quoting in line 1.>}
[2017-07-21T12:20:31,177][WARN ][logstash.filters.csv     ] Error parsing csv {:field=>"message", :source=>"\"Dandy\",     \"Jim\",        \"087-75-4321\", 47.0,     1.0,    23.0,    36.0,    45.0,   \"C+\"", :exception=>#<CSV::MalformedCSVError: Illegal quoting in line 1.>}
[2017-07-21T12:20:31,188][WARN ][logstash.filters.csv     ] Error parsing csv {:field=>"message", :source=>"\"Elephant\",  \"Ima\",        \"456-71-9012\", 45.0,     1.0,    78.0,    88.0,    77.0,   \"B-\"", :exception=>#<CSV::MalformedCSVError: Illegal quoting in line 1.>}
[2017-07-21T12:20:31,190][WARN ][logstash.filters.csv     ] Error parsing csv {:field=>"message", :source=>"\"Franklin\",  \"Benny\",      \"234-56-2890\", 50.0,     1.0,    90.0,    80.0,    90.0,   \"B-\"", :exception=>#<CSV::MalformedCSVError: Illegal quoting in line 1.>}
[2017-07-21T12:20:31,204][WARN ][logstash.filters.csv     ] Error parsing csv {:field=>"message", :source=>"\"George\",    \"Boy\",        \"345-67-3901\", 40.0,     1.0,    11.0,    -1.0,     4.0,   \"B\"", :exception=>#<CSV::MalformedCSVError: Illegal quoting in line 1.>}
[2017-07-21T12:20:31,209][WARN ][logstash.filters.csv     ] Error parsing csv {:field=>"message", :source=>"\"Heffalump\", \"Harvey\",     \"632-79-9439\", 30.0,     1.0,    20.0,    30.0,    40.0,   \"C\"", :exception=>#<CSV::MalformedCSVError: Illegal quoting in line 1.>}
[2017-07-21T13:35:01,295][WARN ][logstash.runner          ] SIGINT received. Shutting down the agent.
[2017-07-21T13:35:01,361][WARN ][logstash.agent           ] stopping pipeline {:id=>"main"}
[2017-07-21T13:35:24,307][INFO ][logstash.outputs.elasticsearch] Elasticsearch pool URLs updated {:changes=>{:removed=>[], :added=>[http://localhost:9200/]}}
[2017-07-21T13:35:24,321][INFO ][logstash.outputs.elasticsearch] Running health check to see if an Elasticsearch connection is working {:healthcheck_url=>http://localhost:9200/, :path=>"/"}
[2017-07-21T13:35:24,510][WARN ][logstash.outputs.elasticsearch] Restored connection to ES instance {:url=>#<Java::JavaNet::URI:0x72e59f9a>}
[2017-07-21T13:35:24,513][INFO ][logstash.outputs.elasticsearch] Using mapping template from {:path=>nil}
[2017-07-21T13:35:24,593][INFO ][logstash.outputs.elasticsearch] Attempting to install template {:manage_template=>{"template"=>"logstash-*", "version"=>50001, "settings"=>{"index.refresh_interval"=>"5s"}, "mappings"=>{"_default_"=>{"_all"=>{"enabled"=>true, "norms"=>false}, "dynamic_templates"=>[{"message_field"=>{"path_match"=>"message", "match_mapping_type"=>"string", "mapping"=>{"type"=>"text", "norms"=>false}}}, {"string_fields"=>{"match"=>"*", "match_mapping_type"=>"string", "mapping"=>{"type"=>"text", "norms"=>false, "fields"=>{"keyword"=>{"type"=>"keyword", "ignore_above"=>256}}}}}], "properties"=>{"@timestamp"=>{"type"=>"date", "include_in_all"=>false}, "@version"=>{"type"=>"keyword", "include_in_all"=>false}, "geoip"=>{"dynamic"=>true, "properties"=>{"ip"=>{"type"=>"ip"}, "location"=>{"type"=>"geo_point"}, "latitude"=>{"type"=>"half_float"}, "longitude"=>{"type"=>"half_float"}}}}}}}}
[2017-07-21T13:35:24,605][INFO ][logstash.outputs.elasticsearch] New Elasticsearch output {:class=>"LogStash::Outputs::ElasticSearch", :hosts=>[#<Java::JavaNet::URI:0x58d4c35b>]}
[2017-07-21T13:35:24,612][INFO ][logstash.pipeline        ] Starting pipeline {"id"=>"main", "pipeline.workers"=>1, "pipeline.batch.size"=>125, "pipeline.batch.delay"=>5, "pipeline.max_inflight"=>125}
[2017-07-21T13:35:24,914][INFO ][logstash.pipeline        ] Pipeline main started
[2017-07-21T13:35:25,054][INFO ][logstash.agent           ] Successfully started Logstash API endpoint {:port=>9600}
[2017-07-21T13:36:52,394][WARN ][logstash.filters.csv     ] Error parsing csv {:field=>"message", :source=>"", :exception=>#<NoMethodError: undefined method `each_index' for nil:NilClass>}
[2017-07-21T13:38:51,626][WARN ][logstash.filters.csv     ] Error parsing csv {:field=>"message", :source=>"", :exception=>#<NoMethodError: undefined method `each_index' for nil:NilClass>}
[2017-07-21T13:39:22,933][WARN ][logstash.filters.csv     ] Error parsing csv {:field=>"message", :source=>"", :exception=>#<NoMethodError: undefined method `each_index' for nil:NilClass>}
[2017-07-21T13:39:28,910][WARN ][logstash.filters.csv     ] Error parsing csv {:field=>"message", :source=>"", :exception=>#<NoMethodError: undefined method `each_index' for nil:NilClass>}
[2017-07-21T13:39:42,933][WARN ][logstash.filters.csv     ] Error parsing csv {:field=>"message", :source=>"", :exception=>#<NoMethodError: undefined method `each_index' for nil:NilClass>}
[2017-07-21T13:39:57,987][WARN ][logstash.filters.csv     ] Error parsing csv {:field=>"message", :source=>"", :exception=>#<NoMethodError: undefined method `each_index' for nil:NilClass>}
[2017-07-21T13:40:36,231][WARN ][logstash.runner          ] SIGINT received. Shutting down the agent.
[2017-07-21T13:40:36,271][WARN ][logstash.agent           ] stopping pipeline {:id=>"main"}
[2017-07-21T13:40:57,864][INFO ][logstash.outputs.elasticsearch] Elasticsearch pool URLs updated {:changes=>{:removed=>[], :added=>[http://localhost:9200/]}}
[2017-07-21T13:40:57,876][INFO ][logstash.outputs.elasticsearch] Running health check to see if an Elasticsearch connection is working {:healthcheck_url=>http://localhost:9200/, :path=>"/"}
[2017-07-21T13:40:58,051][WARN ][logstash.outputs.elasticsearch] Restored connection to ES instance {:url=>#<Java::JavaNet::URI:0x67e0927f>}
[2017-07-21T13:40:58,059][INFO ][logstash.outputs.elasticsearch] Using mapping template from {:path=>nil}
[2017-07-21T13:40:58,138][INFO ][logstash.outputs.elasticsearch] Attempting to install template {:manage_template=>{"template"=>"logstash-*", "version"=>50001, "settings"=>{"index.refresh_interval"=>"5s"}, "mappings"=>{"_default_"=>{"_all"=>{"enabled"=>true, "norms"=>false}, "dynamic_templates"=>[{"message_field"=>{"path_match"=>"message", "match_mapping_type"=>"string", "mapping"=>{"type"=>"text", "norms"=>false}}}, {"string_fields"=>{"match"=>"*", "match_mapping_type"=>"string", "mapping"=>{"type"=>"text", "norms"=>false, "fields"=>{"keyword"=>{"type"=>"keyword", "ignore_above"=>256}}}}}], "properties"=>{"@timestamp"=>{"type"=>"date", "include_in_all"=>false}, "@version"=>{"type"=>"keyword", "include_in_all"=>false}, "geoip"=>{"dynamic"=>true, "properties"=>{"ip"=>{"type"=>"ip"}, "location"=>{"type"=>"geo_point"}, "latitude"=>{"type"=>"half_float"}, "longitude"=>{"type"=>"half_float"}}}}}}}}
[2017-07-21T13:40:58,156][INFO ][logstash.outputs.elasticsearch] New Elasticsearch output {:class=>"LogStash::Outputs::ElasticSearch", :hosts=>[#<Java::JavaNet::URI:0x777e1b3c>]}
[2017-07-21T13:40:58,164][INFO ][logstash.pipeline        ] Starting pipeline {"id"=>"main", "pipeline.workers"=>1, "pipeline.batch.size"=>125, "pipeline.batch.delay"=>5, "pipeline.max_inflight"=>125}
[2017-07-21T13:40:58,458][INFO ][logstash.pipeline        ] Pipeline main started
[2017-07-21T13:40:58,588][INFO ][logstash.agent           ] Successfully started Logstash API endpoint {:port=>9600}
[2017-07-21T13:40:58,766][WARN ][logstash.filters.csv     ] Error parsing csv {:field=>"message", :source=>"", :exception=>#<NoMethodError: undefined method `each_index' for nil:NilClass>}
[2017-07-21T13:42:27,095][WARN ][logstash.filters.csv     ] Error parsing csv {:field=>"message", :source=>"", :exception=>#<NoMethodError: undefined method `each_index' for nil:NilClass>}
[2017-07-21T13:42:27,104][WARN ][logstash.filters.csv     ] Error parsing csv {:field=>"message", :source=>"", :exception=>#<NoMethodError: undefined method `each_index' for nil:NilClass>}
